g++ -std=c++11   -c -o game/Player.o game/Player.cpp
g++ -std=c++11   -c -o game/Game.o game/Game.cpp
g++ -std=c++11 -c room.cpp -o room.o
g++ ./lib_json/json_reader.o ./lib_json/json_writer.o ./lib_json/json_value.o ./game/Player.o ./game/Game.o ./game/Operate.o room.o hall.o server.cpp -lws2_32 -o server2

Read players data
Num     id     password     money
  0     test     12345678 1000000
  1     poor        12334   10000
  2        1            1   10000
  3        2            2   20000
  4        3            3   30000
  5        4            4   40000
  6        5            5   50000
  7        6            6   60000
  8        7            7   70000
  9        8            8   80000
 10        9            9   90000
 11       10           10 1000000
 12  player1      1234567  100000
 13  player2      1234567  200000
 14  player3      1234567  300000
 15  player4      1234567  400000
 16  player5      1234567  500000
 17  player6      1234567  600000
Room 0 is created
Room 1 is created
Room 2 is created
Room 3 is created
Room 4 is created
Room 5 is created
Room 6 is created
Room 7 is created
Room 8 is created
Room 9 is created
Room 10 is created
server is running now
hall thread is running

Waiting for connecting...
Connect a client 59.66.131.74:19174
Recv : {
   "password" : "1",
   "type" : 1,
   "username" : "1"
}
#$#
verify user
        username: 1
        password: 1

A new player login now
player id = 1, sock = 292

Send 1
{
   "money" : 10000,
   "result" : 1,
   "type" : 7
}
#$#       ret = 59
insert a new player into the hall
player user id: 1, socket num = 292
now hall has 0 players
Now hall_ has 1 players

Waiting for connecting...

Recv 1
{
   "room" : 1,
   "type" : 2
}
#$#       ret = 36
sock user id: 1, socket num = 292 get a packet
Room 1 join a new player

Send 1
{
   "result" : 1,
   "room" : 1,
   "type" : 6
}
#$#       ret = 54

Send 1
{
   "room_id" : 1,
   "seat" : [
      {
         "id" : "1",
         "is_in" : true,
         "money" : 10000
      }
   ],
   "type" : 18
}
#$#       ret = 148
erase user id: 1, socket num = 292
Now hall has 0 member
Connect a client 59.66.131.74:19686
Recv : {
   "password" : "6",
   "type" : 1,
   "username" : "6"
}
#$#
verify user
        username: 6
        password: 6

A new player login now
player id = 6, sock = 304

Send 6
{
   "money" : 60000,
   "result" : 1,
   "type" : 7
}
#$#       ret = 59
insert a new player into the hall
player user id: 6, socket num = 304
now hall has 0 players
Now hall_ has 1 players

Waiting for connecting...

Recv 6
{
   "room" : 1,
   "type" : 2
}
#$#       ret = 36
sock user id: 6, socket num = 304 get a packet
Room 1 join a new player

Send 1
{
   "result" : 1,
   "room" : 1,
   "type" : 6
}
#$#       ret = 54

Send 1
{
   "room_id" : 1,
   "seat" : [
      {
         "id" : "1",
         "is_in" : true,
         "money" : 10000
      },
      {
         "id" : "6",
         "is_in" : false,
         "money" : 60000
      }
   ],
   "type" : 18
}
#$#       ret = 237

Send 6
{
   "result" : 1,
   "room" : 1,
   "type" : 6
}
#$#       ret = 54

Send 6
{
   "room_id" : 1,
   "seat" : [
      {
         "id" : "1",
         "is_in" : false,
         "money" : 10000
      },
      {
         "id" : "6",
         "is_in" : true,
         "money" : 60000
      }
   ],
   "type" : 18
}
#$#       ret = 237
erase user id: 6, socket num = 304
Now hall has 0 member
Connect a client 59.66.131.74:20966
Recv : {
   "password" : "9",
   "type" : 1,
   "username" : "9"
}
#$#
verify user
        username: 9
        password: 9

A new player login now
player id = 9, sock = 308

Send 9
{
   "money" : 90000,
   "result" : 1,
   "type" : 7
}
#$#       ret = 59
insert a new player into the hall
player user id: 9, socket num = 308
now hall has 0 players
Now hall_ has 1 players

Waiting for connecting...

Recv 9
{
   "room" : 1,
   "type" : 2
}
#$#       ret = 36
sock user id: 9, socket num = 308 get a packet
Room 1 join a new player

Send 1
{
   "result" : 1,
   "room" : 1,
   "type" : 6
}
#$#       ret = 54

Send 1
{
   "room_id" : 1,
   "seat" : [
      {
         "id" : "1",
         "is_in" : true,
         "money" : 10000
      },
      {
         "id" : "6",
         "is_in" : false,
         "money" : 60000
      },
      {
         "id" : "9",
         "is_in" : false,
         "money" : 90000
      }
   ],
   "type" : 18
}
#$#       ret = 326

Send 6
{
   "result" : 1,
   "room" : 1,
   "type" : 6
}
#$#       ret = 54

Send 6
{
   "room_id" : 1,
   "seat" : [
      {
         "id" : "1",
         "is_in" : false,
         "money" : 10000
      },
      {
         "id" : "6",
         "is_in" : true,
         "money" : 60000
      },
      {
         "id" : "9",
         "is_in" : false,
         "money" : 90000
      }
   ],
   "type" : 18
}
#$#       ret = 326

Send 9
{
   "result" : 1,
   "room" : 1,
   "type" : 6
}
#$#       ret = 54

Send 9
{
   "room_id" : 1,
   "seat" : [
      {
         "id" : "1",
         "is_in" : false,
         "money" : 10000
      },
      {
         "id" : "6",
         "is_in" : false,
         "money" : 60000
      },
      {
         "id" : "9",
         "is_in" : true,
         "money" : 90000
      }
   ],
   "type" : 18
}
#$#       ret = 326
erase user id: 9, socket num = 308
Now hall has 0 member
Connect a client 59.66.131.74:21222
Recv : {
   "password" : "3",
   "type" : 1,
   "username" : "3"
}
#$#
verify user
        username: 3
        password: 3

A new player login now
player id = 3, sock = 312

Send 3
{
   "money" : 30000,
   "result" : 1,
   "type" : 7
}
#$#       ret = 59
insert a new player into the hall
player user id: 3, socket num = 312
now hall has 0 players
Now hall_ has 1 players

Waiting for connecting...

Recv 3
{
   "room" : 1,
   "type" : 2
}
#$#       ret = 36
sock user id: 3, socket num = 312 get a packet
Room 1 join a new player

Send 1
{
   "result" : 1,
   "room" : 1,
   "type" : 6
}
#$#       ret = 54

Send 1
{
   "room_id" : 1,
   "seat" : [
      {
         "id" : "1",
         "is_in" : true,
         "money" : 10000
      },
      {
         "id" : "6",
         "is_in" : false,
         "money" : 60000
      },
      {
         "id" : "9",
         "is_in" : false,
         "money" : 90000
      },
      {
         "id" : "3",
         "is_in" : false,
         "money" : 30000
      }
   ],
   "type" : 18
}
#$#       ret = 415

Send 6
{
   "result" : 1,
   "room" : 1,
   "type" : 6
}
#$#       ret = 54

Send 6
{
   "room_id" : 1,
   "seat" : [
      {
         "id" : "1",
         "is_in" : false,
         "money" : 10000
      },
      {
         "id" : "6",
         "is_in" : true,
         "money" : 60000
      },
      {
         "id" : "9",
         "is_in" : false,
         "money" : 90000
      },
      {
         "id" : "3",
         "is_in" : false,
         "money" : 30000
      }
   ],
   "type" : 18
}
#$#       ret = 415

Send 9
{
   "result" : 1,
   "room" : 1,
   "type" : 6
}
#$#       ret = 54

Send 9
{
   "room_id" : 1,
   "seat" : [
      {
         "id" : "1",
         "is_in" : false,
         "money" : 10000
      },
      {
         "id" : "6",
         "is_in" : false,
         "money" : 60000
      },
      {
         "id" : "9",
         "is_in" : true,
         "money" : 90000
      },
      {
         "id" : "3",
         "is_in" : false,
         "money" : 30000
      }
   ],
   "type" : 18
}
#$#       ret = 415

Send 3
{
   "result" : 1,
   "room" : 1,
   "type" : 6
}
#$#       ret = 54

Send 3
{
   "room_id" : 1,
   "seat" : [
      {
         "id" : "1",
         "is_in" : false,
         "money" : 10000
      },
      {
         "id" : "6",
         "is_in" : false,
         "money" : 60000
      },
      {
         "id" : "9",
         "is_in" : false,
         "money" : 90000
      },
      {
         "id" : "3",
         "is_in" : true,
         "money" : 30000
      }
   ],
   "type" : 18
}
#$#       ret = 415
erase user id: 3, socket num = 312
Now hall has 0 member
Connect a client 59.66.131.74:21478
Recv : {
   "password" : "5",
   "type" : 1,
   "username" : "5"
}
#$#
verify user
        username: 5
        password: 5

A new player login now
player id = 5, sock = 316

Send 5
{
   "money" : 50000,
   "result" : 1,
   "type" : 7
}
#$#       ret = 59
insert a new player into the hall
player user id: 5, socket num = 316
now hall has 0 players
Now hall_ has 1 players

Waiting for connecting...

Recv 5
{
   "room" : 1,
   "type" : 2
}
#$#       ret = 36
sock user id: 5, socket num = 316 get a packet
Room 1 join a new player

Send 1
{
   "result" : 1,
   "room" : 1,
   "type" : 6
}
#$#       ret = 54

Send 1
{
   "room_id" : 1,
   "seat" : [
      {
         "id" : "1",
         "is_in" : true,
         "money" : 10000
      },
      {
         "id" : "6",
         "is_in" : false,
         "money" : 60000
      },
      {
         "id" : "9",
         "is_in" : false,
         "money" : 90000
      },
      {
         "id" : "3",
         "is_in" : false,
         "money" : 30000
      },
      {
         "id" : "5",
         "is_in" : false,
         "money" : 50000
      }
   ],
   "type" : 18
}
#$#       ret = 504

Send 6
{
   "result" : 1,
   "room" : 1,
   "type" : 6
}
#$#       ret = 54

Send 6
{
   "room_id" : 1,
   "seat" : [
      {
         "id" : "1",
         "is_in" : false,
         "money" : 10000
      },
      {
         "id" : "6",
         "is_in" : true,
         "money" : 60000
      },
      {
         "id" : "9",
         "is_in" : false,
         "money" : 90000
      },
      {
         "id" : "3",
         "is_in" : false,
         "money" : 30000
      },
      {
         "id" : "5",
         "is_in" : false,
         "money" : 50000
      }
   ],
   "type" : 18
}
#$#       ret = 504

Send 9
{
   "result" : 1,
   "room" : 1,
   "type" : 6
}
#$#       ret = 54

Send 9
{
   "room_id" : 1,
   "seat" : [
      {
         "id" : "1",
         "is_in" : false,
         "money" : 10000
      },
      {
         "id" : "6",
         "is_in" : false,
         "money" : 60000
      },
      {
         "id" : "9",
         "is_in" : true,
         "money" : 90000
      },
      {
         "id" : "3",
         "is_in" : false,
         "money" : 30000
      },
      {
         "id" : "5",
         "is_in" : false,
         "money" : 50000
      }
   ],
   "type" : 18
}
#$#       ret = 504

Send 3
{
   "result" : 1,
   "room" : 1,
   "type" : 6
}
#$#       ret = 54

Send 3
{
   "room_id" : 1,
   "seat" : [
      {
         "id" : "1",
         "is_in" : false,
         "money" : 10000
      },
      {
         "id" : "6",
         "is_in" : false,
         "money" : 60000
      },
      {
         "id" : "9",
         "is_in" : false,
         "money" : 90000
      },
      {
         "id" : "3",
         "is_in" : true,
         "money" : 30000
      },
      {
         "id" : "5",
         "is_in" : false,
         "money" : 50000
      }
   ],
   "type" : 18
}
#$#       ret = 504

Send 5
{
   "result" : 1,
   "room" : 1,
   "type" : 6
}
#$#       ret = 54

Send 5
{
   "room_id" : 1,
   "seat" : [
      {
         "id" : "1",
         "is_in" : false,
         "money" : 10000
      },
      {
         "id" : "6",
         "is_in" : false,
         "money" : 60000
      },
      {
         "id" : "9",
         "is_in" : false,
         "money" : 90000
      },
      {
         "id" : "3",
         "is_in" : false,
         "money" : 30000
      },
      {
         "id" : "5",
         "is_in" : true,
         "money" : 50000
      }
   ],
   "type" : 18
}
#$#       ret = 504
erase user id: 5, socket num = 316
Now hall has 0 member
Room 1 has 5 players
Now begin a new game
init end
6 5 10000
9 1 60000
3 6 90000
5 9 30000
1 3 50000
room id is 1
money = 10000
money = 60000
money = 90000
money = 30000
money = 50000
doing blindBet.....
Send 1
{
   "money_left" : 9900,
   "money_op" : 100,
   "player_op" : 10,
   "player_pos" : 0,
   "type" : 16
}
#$#       ret = 110

Send 6
{
   "money_left" : 9900,
   "money_op" : 100,
   "player_op" : 10,
   "player_pos" : 0,
   "type" : 16
}
#$#       ret = 110

Send 9
{
   "money_left" : 9900,
   "money_op" : 100,
   "player_op" : 10,
   "player_pos" : 0,
   "type" : 16
}
#$#       ret = 110

Send 3
{
   "money_left" : 9900,
   "money_op" : 100,
   "player_op" : 10,
   "player_pos" : 0,
   "type" : 16
}
#$#       ret = 110

Send 5
{
   "money_left" : 9900,
   "money_op" : 100,
   "player_op" : 10,
   "player_pos" : 0,
   "type" : 16
}
#$#       ret = 110

Send 1
{
   "money_left" : 59800,
   "money_op" : 200,
   "player_op" : 10,
   "player_pos" : 1,
   "type" : 16
}
#$#       ret = 111

Send 6
{
   "money_left" : 59800,
   "money_op" : 200,
   "player_op" : 10,
   "player_pos" : 1,
   "type" : 16
}
#$#       ret = 111

Send 9
{
   "money_left" : 59800,
   "money_op" : 200,
   "player_op" : 10,
   "player_pos" : 1,
   "type" : 16
}
#$#       ret = 111

Send 3
{
   "money_left" : 59800,
   "money_op" : 200,
   "player_op" : 10,
   "player_pos" : 1,
   "type" : 16
}
#$#       ret = 111

Send 5
{
   "money_left" : 59800,
   "money_op" : 200,
   "player_op" : 10,
   "player_pos" : 1,
   "type" : 16
}
#$#       ret = 111
done
doing lcsPlayer...send license info now
now send message 9

Send 9
{
   "card" : 2,
   "type" : 19
}
#$#       ret = 38
send license info now
now send message 9

Send 9
{
   "card" : 23,
   "type" : 19
}
#$#       ret = 39
send license info now
now send message 3

Send 3
{
   "card" : 32,
   "type" : 19
}
#$#       ret = 39
send license info now
now send message 3

Send 3
{
   "card" : 24,
   "type" : 19
}
#$#       ret = 39
send license info now
now send message 5

Send 5
{
   "card" : 47,
   "type" : 19
}
#$#       ret = 39
send license info now
now send message 5

Send 5
{
   "card" : 5,
   "type" : 19
}
#$#       ret = 38
send license info now
now send message 1

Send 1
{
   "card" : 31,
   "type" : 19
}
#$#       ret = 39
send license info now
now send message 1

Send 1
{
   "card" : 18,
   "type" : 19
}
#$#       ret = 39
send license info now
now send message 6

Send 6
{
   "card" : 9,
   "type" : 19
}
#$#       ret = 38
send license info now
now send message 6

Send 6
{
   "card" : 33,
   "type" : 19
}
#$#       ret = 39
done
doing betTurn.....5
ready for operate...

Now turn to player 9

Send 9
{
   "cur_max_money" : 200,
   "type" : 15
}
#$#       ret = 49

Recv 9
{
   "type" : 11
}
#$#       ret = 22
get operation done
done
Bet 200!

Send 1
{
   "money_left" : 89800,
   "money_op" : 200,
   "player_op" : 11,
   "player_pos" : 2,
   "type" : 16
}
#$#       ret = 111

Send 6
{
   "money_left" : 89800,
   "money_op" : 200,
   "player_op" : 11,
   "player_pos" : 2,
   "type" : 16
}
#$#       ret = 111

Send 9
{
   "money_left" : 89800,
   "money_op" : 200,
   "player_op" : 11,
   "player_pos" : 2,
   "type" : 16
}
#$#       ret = 111

Send 3
{
   "money_left" : 89800,
   "money_op" : 200,
   "player_op" : 11,
   "player_pos" : 2,
   "type" : 16
}
#$#       ret = 111

Send 5
{
   "money_left" : 89800,
   "money_op" : 200,
   "player_op" : 11,
   "player_pos" : 2,
   "type" : 16
}
#$#       ret = 111
name:9
_money: 89800, _presentBet: 200, _gameResult: 0
_fold : 0,      _allin: 0
Card: H3, D11

5
ready for operate...

Now turn to player 3

Send 3
{
   "cur_max_money" : 200,
   "type" : 15
}
#$#       ret = 49

Recv 3
{
   "type" : 11
}
#$#       ret = 22
get operation done
done
Bet 200!

Send 1
{
   "money_left" : 29800,
   "money_op" : 200,
   "player_op" : 11,
   "player_pos" : 3,
   "type" : 16
}
#$#       ret = 111

Send 6
{
   "money_left" : 29800,
   "money_op" : 200,
   "player_op" : 11,
   "player_pos" : 3,
   "type" : 16
}
#$#       ret = 111

Send 9
{
   "money_left" : 29800,
   "money_op" : 200,
   "player_op" : 11,
   "player_pos" : 3,
   "type" : 16
}
#$#       ret = 111

Send 3
{
   "money_left" : 29800,
   "money_op" : 200,
   "player_op" : 11,
   "player_pos" : 3,
   "type" : 16
}
#$#       ret = 111

Send 5
{
   "money_left" : 29800,
   "money_op" : 200,
   "player_op" : 11,
   "player_pos" : 3,
   "type" : 16
}
#$#       ret = 111
name:3
_money: 29800, _presentBet: 200, _gameResult: 0
_fold : 0,      _allin: 0
Card: C7, D12

5
ready for operate...

Now turn to player 5

Send 5
{
   "cur_max_money" : 200,
   "type" : 15
}
#$#       ret = 49

Recv 5
{
   "type" : 11
}
#$#       ret = 22
get operation done
done
Bet 200!

Send 1
{
   "money_left" : 49800,
   "money_op" : 200,
   "player_op" : 11,
   "player_pos" : 4,
   "type" : 16
}
#$#       ret = 111

Send 6
{
   "money_left" : 49800,
   "money_op" : 200,
   "player_op" : 11,
   "player_pos" : 4,
   "type" : 16
}
#$#       ret = 111

Send 9
{
   "money_left" : 49800,
   "money_op" : 200,
   "player_op" : 11,
   "player_pos" : 4,
   "type" : 16
}
#$#       ret = 111

Send 3
{
   "money_left" : 49800,
   "money_op" : 200,
   "player_op" : 11,
   "player_pos" : 4,
   "type" : 16
}
#$#       ret = 111

Send 5
{
   "money_left" : 49800,
   "money_op" : 200,
   "player_op" : 11,
   "player_pos" : 4,
   "type" : 16
}
#$#       ret = 111
name:5
_money: 49800, _presentBet: 200, _gameResult: 0
_fold : 0,      _allin: 0
Card: S9, H6

5
ready for operate...

Now turn to player 1

Send 1
{
   "cur_max_money" : 200,
   "type" : 15
}
#$#       ret = 49

Recv 1
{
   "money" : 1000,
   "type" : 10
}
#$#       ret = 41
get operation done
done
Bet 1000!

Send 1
{
   "money_left" : 8900,
   "money_op" : 1100,
   "player_op" : 10,
   "player_pos" : 0,
   "type" : 16
}
#$#       ret = 111

Send 6
{
   "money_left" : 8900,
   "money_op" : 1100,
   "player_op" : 10,
   "player_pos" : 0,
   "type" : 16
}
#$#       ret = 111

Send 9
{
   "money_left" : 8900,
   "money_op" : 1100,
   "player_op" : 10,
   "player_pos" : 0,
   "type" : 16
}
#$#       ret = 111

Send 3
{
   "money_left" : 8900,
   "money_op" : 1100,
   "player_op" : 10,
   "player_pos" : 0,
   "type" : 16
}
#$#       ret = 111

Send 5
{
   "money_left" : 8900,
   "money_op" : 1100,
   "player_op" : 10,
   "player_pos" : 0,
   "type" : 16
}
#$#       ret = 111
name:1
_money: 8900, _presentBet: 1100, _gameResult: 0
_fold : 0,      _allin: 0
Card: C6, D6

5
ready for operate...

Now turn to player 6

Send 6
{
   "cur_max_money" : 1100,
   "type" : 15
}
#$#       ret = 50

Recv 6
{
   "type" : 11
}
#$#       ret = 22
get operation done
done
Bet 900!

Send 1
{
   "money_left" : 58900,
   "money_op" : 1100,
   "player_op" : 11,
   "player_pos" : 1,
   "type" : 16
}
#$#       ret = 112

Send 6
{
   "money_left" : 58900,
   "money_op" : 1100,
   "player_op" : 11,
   "player_pos" : 1,
   "type" : 16
}
#$#       ret = 112

Send 9
{
   "money_left" : 58900,
   "money_op" : 1100,
   "player_op" : 11,
   "player_pos" : 1,
   "type" : 16
}
#$#       ret = 112

Send 3
{
   "money_left" : 58900,
   "money_op" : 1100,
   "player_op" : 11,
   "player_pos" : 1,
   "type" : 16
}
#$#       ret = 112

Send 5
{
   "money_left" : 58900,
   "money_op" : 1100,
   "player_op" : 11,
   "player_pos" : 1,
   "type" : 16
}
#$#       ret = 112
name:6
_money: 58900, _presentBet: 1100, _gameResult: 0
_fold : 0,      _allin: 0
Card: H10, C8

5
ready for operate...

Now turn to player 9

Send 9
{
   "cur_max_money" : 1100,
   "type" : 15
}
#$#       ret = 50

Recv 9
{
   "type" : 11
}
#$#       ret = 22
get operation done
done
Bet 900!

Send 1
{
   "money_left" : 88900,
   "money_op" : 1100,
   "player_op" : 11,
   "player_pos" : 2,
   "type" : 16
}
#$#       ret = 112

Send 6
{
   "money_left" : 88900,
   "money_op" : 1100,
   "player_op" : 11,
   "player_pos" : 2,
   "type" : 16
}
#$#       ret = 112

Send 9
{
   "money_left" : 88900,
   "money_op" : 1100,
   "player_op" : 11,
   "player_pos" : 2,
   "type" : 16
}
#$#       ret = 112

Send 3
{
   "money_left" : 88900,
   "money_op" : 1100,
   "player_op" : 11,
   "player_pos" : 2,
   "type" : 16
}
#$#       ret = 112

Send 5
{
   "money_left" : 88900,
   "money_op" : 1100,
   "player_op" : 11,
   "player_pos" : 2,
   "type" : 16
}
#$#       ret = 112
name:9
_money: 88900, _presentBet: 1100, _gameResult: 0
_fold : 0,      _allin: 0
Card: H3, D11

5
ready for operate...

Now turn to player 3

Send 3
{
   "cur_max_money" : 1100,
   "type" : 15
}
#$#       ret = 50

Recv 3
{
   "type" : 13
}
#$#       ret = 22
get operation done
done
ALLIN!

Send 1
{
   "money_left" : 0,
   "money_op" : 30000,
   "player_op" : 13,
   "player_pos" : 3,
   "type" : 16
}
#$#       ret = 109

Send 6
{
   "money_left" : 0,
   "money_op" : 30000,
   "player_op" : 13,
   "player_pos" : 3,
   "type" : 16
}
#$#       ret = 109

Send 9
{
   "money_left" : 0,
   "money_op" : 30000,
   "player_op" : 13,
   "player_pos" : 3,
   "type" : 16
}
#$#       ret = 109

Send 3
{
   "money_left" : 0,
   "money_op" : 30000,
   "player_op" : 13,
   "player_pos" : 3,
   "type" : 16
}
#$#       ret = 109

Send 5
{
   "money_left" : 0,
   "money_op" : 30000,
   "player_op" : 13,
   "player_pos" : 3,
   "type" : 16
}
#$#       ret = 109
name:3
_money: 0, _presentBet: 30000, _gameResult: 0
_fold : 0,      _allin: 1
Card: C7, D12

4
ready for operate...

Now turn to player 5

Send 5
{
   "cur_max_money" : 30000,
   "type" : 15
}
#$#       ret = 51

Recv 5
{
   "type" : 12
}
#$#       ret = 22
get operation done
done
FOLD

Send 1
{
   "money_left" : 49800,
   "money_op" : 200,
   "player_op" : 12,
   "player_pos" : 4,
   "type" : 16
}
#$#       ret = 111

Send 6
{
   "money_left" : 49800,
   "money_op" : 200,
   "player_op" : 12,
   "player_pos" : 4,
   "type" : 16
}
#$#       ret = 111

Send 9
{
   "money_left" : 49800,
   "money_op" : 200,
   "player_op" : 12,
   "player_pos" : 4,
   "type" : 16
}
#$#       ret = 111

Send 3
{
   "money_left" : 49800,
   "money_op" : 200,
   "player_op" : 12,
   "player_pos" : 4,
   "type" : 16
}
#$#       ret = 111

Send 5
{
   "money_left" : 49800,
   "money_op" : 200,
   "player_op" : 12,
   "player_pos" : 4,
   "type" : 16
}
#$#       ret = 111
name:5
_money: 49800, _presentBet: 200, _gameResult: 0
_fold : 1,      _allin: 0
Card: S9, H6

3
ready for operate...

Now turn to player 1

Send 1
{
   "cur_max_money" : 30000,
   "type" : 15
}
#$#       ret = 51

Recv 1
{
   "type" : 13
}
#$#       ret = 22
get operation done
done
ALLIN!

Send 1
{
   "money_left" : 0,
   "money_op" : 10000,
   "player_op" : 13,
   "player_pos" : 0,
   "type" : 16
}
#$#       ret = 109

Send 6
{
   "money_left" : 0,
   "money_op" : 10000,
   "player_op" : 13,
   "player_pos" : 0,
   "type" : 16
}
#$#       ret = 109

Send 9
{
   "money_left" : 0,
   "money_op" : 10000,
   "player_op" : 13,
   "player_pos" : 0,
   "type" : 16
}
#$#       ret = 109

Send 3
{
   "money_left" : 0,
   "money_op" : 10000,
   "player_op" : 13,
   "player_pos" : 0,
   "type" : 16
}
#$#       ret = 109

Send 5
{
   "money_left" : 0,
   "money_op" : 10000,
   "player_op" : 13,
   "player_pos" : 0,
   "type" : 16
}
#$#       ret = 109
name:1
_money: 0, _presentBet: 10000, _gameResult: 0
_fold : 0,      _allin: 1
Card: C6, D6

2
ready for operate...

Now turn to player 6

Send 6
{
   "cur_max_money" : 30000,
   "type" : 15
}
#$#       ret = 51

Recv 6
{
   "type" : 11
}
#$#       ret = 22
get operation done
done
Bet 28900!

Send 1
{
   "money_left" : 30000,
   "money_op" : 30000,
   "player_op" : 11,
   "player_pos" : 1,
   "type" : 16
}
#$#       ret = 113

Send 6
{
   "money_left" : 30000,
   "money_op" : 30000,
   "player_op" : 11,
   "player_pos" : 1,
   "type" : 16
}
#$#       ret = 113

Send 9
{
   "money_left" : 30000,
   "money_op" : 30000,
   "player_op" : 11,
   "player_pos" : 1,
   "type" : 16
}
#$#       ret = 113

Send 3
{
   "money_left" : 30000,
   "money_op" : 30000,
   "player_op" : 11,
   "player_pos" : 1,
   "type" : 16
}
#$#       ret = 113

Send 5
{
   "money_left" : 30000,
   "money_op" : 30000,
   "player_op" : 11,
   "player_pos" : 1,
   "type" : 16
}
#$#       ret = 113
name:6
_money: 30000, _presentBet: 30000, _gameResult: 0
_fold : 0,      _allin: 0
Card: H10, C8

2
ready for operate...

Now turn to player 9

Send 9
{
   "cur_max_money" : 30000,
   "type" : 15
}
#$#       ret = 51

Recv 9
{
   "type" : 11
}
#$#       ret = 22
get operation done
done
Bet 28900!

Send 1
{
   "money_left" : 60000,
   "money_op" : 30000,
   "player_op" : 11,
   "player_pos" : 2,
   "type" : 16
}
#$#       ret = 113

Send 6
{
   "money_left" : 60000,
   "money_op" : 30000,
   "player_op" : 11,
   "player_pos" : 2,
   "type" : 16
}
#$#       ret = 113

Send 9
{
   "money_left" : 60000,
   "money_op" : 30000,
   "player_op" : 11,
   "player_pos" : 2,
   "type" : 16
}
#$#       ret = 113

Send 3
{
   "money_left" : 60000,
   "money_op" : 30000,
   "player_op" : 11,
   "player_pos" : 2,
   "type" : 16
}
#$#       ret = 113

Send 5
{
   "money_left" : 60000,
   "money_op" : 30000,
   "player_op" : 11,
   "player_pos" : 2,
   "type" : 16
}
#$#       ret = 113
name:9
_money: 60000, _presentBet: 30000, _gameResult: 0
_fold : 0,      _allin: 0
Card: H3, D11

done
Flop
doing lcsPublic...send public license info now

Send 1
{
   "card" : 48,
   "index" : 1,
   "type" : 20
}
#$#       ret = 55

Send 6
{
   "card" : 48,
   "index" : 1,
   "type" : 20
}
#$#       ret = 55

Send 9
{
   "card" : 48,
   "index" : 1,
   "type" : 20
}
#$#       ret = 55

Send 3
{
   "card" : 48,
   "index" : 1,
   "type" : 20
}
#$#       ret = 55

Send 5
{
   "card" : 48,
   "index" : 1,
   "type" : 20
}
#$#       ret = 55
done
doing lcsPublic...send public license info now

Send 1
{
   "card" : 17,
   "index" : 2,
   "type" : 20
}
#$#       ret = 55

Send 6
{
   "card" : 17,
   "index" : 2,
   "type" : 20
}
#$#       ret = 55

Send 9
{
   "card" : 17,
   "index" : 2,
   "type" : 20
}
#$#       ret = 55

Send 3
{
   "card" : 17,
   "index" : 2,
   "type" : 20
}
#$#       ret = 55

Send 5
{
   "card" : 17,
   "index" : 2,
   "type" : 20
}
#$#       ret = 55
done
doing lcsPublic...send public license info now

Send 1
{
   "card" : 30,
   "index" : 3,
   "type" : 20
}
#$#       ret = 55

Send 6
{
   "card" : 30,
   "index" : 3,
   "type" : 20
}
#$#       ret = 55

Send 9
{
   "card" : 30,
   "index" : 3,
   "type" : 20
}
#$#       ret = 55

Send 3
{
   "card" : 30,
   "index" : 3,
   "type" : 20
}
#$#       ret = 55

Send 5
{
   "card" : 30,
   "index" : 3,
   "type" : 20
}
#$#       ret = 55
done
doing betTurn.....2
2
2
2
ready for operate...

Now turn to player 6

Send 6
{
   "cur_max_money" : 30000,
   "type" : 15
}
#$#       ret = 51

Recv 6
{
   "type" : 13
}
#$#       ret = 22
get operation done
done
ALLIN!

Send 1
{
   "money_left" : 0,
   "money_op" : 60000,
   "player_op" : 13,
   "player_pos" : 1,
   "type" : 16
}
#$#       ret = 109

Send 6
{
   "money_left" : 0,
   "money_op" : 60000,
   "player_op" : 13,
   "player_pos" : 1,
   "type" : 16
}
#$#       ret = 109

Send 9
{
   "money_left" : 0,
   "money_op" : 60000,
   "player_op" : 13,
   "player_pos" : 1,
   "type" : 16
}
#$#       ret = 109

Send 3
{
   "money_left" : 0,
   "money_op" : 60000,
   "player_op" : 13,
   "player_pos" : 1,
   "type" : 16
}
#$#       ret = 109

Send 5
{
   "money_left" : 0,
   "money_op" : 60000,
   "player_op" : 13,
   "player_pos" : 1,
   "type" : 16
}
#$#       ret = 109
name:6
_money: 0, _presentBet: 60000, _gameResult: 0
_fold : 0,      _allin: 1
Card: H10, C8

1
Turn
doing lcsPublic...send public license info now

Send 1
{
   "card" : 21,
   "index" : 4,
   "type" : 20
}
#$#       ret = 55

Send 6
{
   "card" : 21,
   "index" : 4,
   "type" : 20
}
#$#       ret = 55

Send 9
{
   "card" : 21,
   "index" : 4,
   "type" : 20
}
#$#       ret = 55

Send 3
{
   "card" : 21,
   "index" : 4,
   "type" : 20
}
#$#       ret = 55

Send 5
{
   "card" : 21,
   "index" : 4,
   "type" : 20
}
#$#       ret = 55
done
doing betTurn.....1
River
doing lcsPublic...send public license info now

Send 1
{
   "card" : 42,
   "index" : 5,
   "type" : 20
}
#$#       ret = 55

Send 6
{
   "card" : 42,
   "index" : 5,
   "type" : 20
}
#$#       ret = 55

Send 9
{
   "card" : 42,
   "index" : 5,
   "type" : 20
}
#$#       ret = 55

Send 3
{
   "card" : 42,
   "index" : 5,
   "type" : 20
}
#$#       ret = 55

Send 5
{
   "card" : 42,
   "index" : 5,
   "type" : 20
}
#$#       ret = 55
done
doing betTurn.....1
CalcPattern
calculating pattern...Sorted cards:D11 S10 D9 D5 C5 S4 H3
Sorted cards:D12 S10 D9 C7 C5 D5 S4
Sorted cards:S10 D9 C6 D6 C5 D5 S4
Sorted cards:S10 H10 D9 C8 C5 D5 S4
done
CalcResult
flag1
flag2
flag3
allin
name:1
_money: 0, _presentBet: 0, _gameResult: -10000
_fold : 0,      _allin: 1
Card: C6, D6

name:6
_money: 50000, _presentBet: 50000, _gameResult: -10000
_fold : 0,      _allin: 1
Card: H10, C8

name:9
_money: 80000, _presentBet: 20000, _gameResult: -10000
_fold : 0,      _allin: 0
Card: H3, D11

name:3
_money: 20000, _presentBet: 20000, _gameResult: -10000
_fold : 0,      _allin: 1
Card: C7, D12

name:5
_money: 49800, _presentBet: 0, _gameResult: -200
_fold : 1,      _allin: 0
Card: S9, H6

flag4
the biggest pattern is :6 TWO_PAIR S10 H10 C5 D5 D9

allin_calc
name:1
_money: 0, _presentBet: 0, _gameResult: -10000
_fold : 0,      _allin: 1
Card: C6, D6

allin_calc
name:6
_money: 90200, _presentBet: 50000, _gameResult: 30200
_fold : 0,      _allin: 1
Card: H10, C8

allin_calc
name:9
_money: 80000, _presentBet: 20000, _gameResult: -10000
_fold : 0,      _allin: 0
Card: H3, D11

allin_calc
name:3
_money: 20000, _presentBet: 20000, _gameResult: -10000
_fold : 0,      _allin: 1
Card: C7, D12

flag1
flag2
flag3
allin
name:3
_money: 0, _presentBet: 0, _gameResult: -30000
_fold : 0,      _allin: 1
Card: C7, D12

name:5
_money: 49800, _presentBet: 0, _gameResult: -200
_fold : 1,      _allin: 0
Card: S9, H6

name:1
_money: 0, _presentBet: 0, _gameResult: -10000
_fold : 0,      _allin: 1
Card: C6, D6

name:6
_money: 70200, _presentBet: 30000, _gameResult: 10200
_fold : 0,      _allin: 1
Card: H10, C8

name:9
_money: 60000, _presentBet: 0, _gameResult: -30000
_fold : 0,      _allin: 0
Card: H3, D11

flag4
the biggest pattern is :6 TWO_PAIR S10 H10 C5 D5 D9

allin_calc
name:3
_money: 0, _presentBet: 0, _gameResult: -30000
_fold : 0,      _allin: 1
Card: C7, D12

allin_calc
name:6
_money: 130200, _presentBet: 30000, _gameResult: 70200
_fold : 0,      _allin: 1
Card: H10, C8

allin_calc
name:9
_money: 60000, _presentBet: 0, _gameResult: -30000
_fold : 0,      _allin: 0
Card: H3, D11

flag1
flag2
flag3
allin
name:6
_money: 100200, _presentBet: 0, _gameResult: 40200
_fold : 0,      _allin: 1
Card: H10, C8

name:9
_money: 60000, _presentBet: 0, _gameResult: -30000
_fold : 0,      _allin: 0
Card: H3, D11

name:3
_money: 0, _presentBet: 0, _gameResult: -30000
_fold : 0,      _allin: 1
Card: C7, D12

name:5
_money: 49800, _presentBet: 0, _gameResult: -200
_fold : 1,      _allin: 0
Card: S9, H6

name:1
_money: 0, _presentBet: 0, _gameResult: -10000
_fold : 0,      _allin: 1
Card: C6, D6

flag4
the biggest pattern is :6 TWO_PAIR S10 H10 C5 D5 D9

allin_calc
name:6
_money: 130200, _presentBet: 0, _gameResult: 70200
_fold : 0,      _allin: 1
Card: H10, C8

flag1
flag2
No allin
name:9
_money: 60000, _presentBet: 0, _gameResult: -30000
_fold : 0,      _allin: 0
Card: H3, D11

name:3
_money: 0, _presentBet: 0, _gameResult: -30000
_fold : 0,      _allin: 1
Card: C7, D12

name:5
_money: 49800, _presentBet: 0, _gameResult: -200
_fold : 1,      _allin: 0
Card: S9, H6

name:1
_money: 0, _presentBet: 0, _gameResult: -10000
_fold : 0,      _allin: 1
Card: C6, D6

name:6
_money: 130200, _presentBet: 0, _gameResult: 70200
_fold : 0,      _allin: 1
Card: H10, C8

name:9
_money: 60000, _presentBet: 0, _gameResult: -30000
_fold : 0,      _allin: 0
Card: H3, D11

7 ONE_PAIR D5 C5 D11 S10 D9

name:3
_money: 0, _presentBet: 0, _gameResult: -30000
_fold : 0,      _allin: 1
Card: C7, D12

7 ONE_PAIR C5 D5 D12 S10 D9

name:5
_money: 49800, _presentBet: 0, _gameResult: -200
_fold : 1,      _allin: 0
Card: S9, H6

The player has folded
name:1
_money: 0, _presentBet: 0, _gameResult: -10000
_fold : 0,      _allin: 1
Card: C6, D6

6 TWO_PAIR C6 D6 C5 D5 S10

name:6
_money: 130200, _presentBet: 0, _gameResult: 70200
_fold : 0,      _allin: 1
Card: H10, C8

6 TWO_PAIR S10 H10 C5 D5 D9


Send 1
{
   "type" : 21,
   "value" : [
      {
         "card1" : 2,
         "card2" : 23,
         "money" : 60000
      },
      {
         "card1" : 32,
         "card2" : 24,
         "money" : 0
      },
      {
         "card1" : 47,
         "card2" : 5,
         "money" : 49800
      },
      {
         "card1" : 31,
         "card2" : 18,
         "money" : 0
      },
      {
         "card1" : 9,
         "card2" : 33,
         "money" : 130200
      }
   ]
}
#$#       ret = 473

Send 6
{
   "type" : 21,
   "value" : [
      {
         "card1" : 2,
         "card2" : 23,
         "money" : 60000
      },
      {
         "card1" : 32,
         "card2" : 24,
         "money" : 0
      },
      {
         "card1" : 47,
         "card2" : 5,
         "money" : 49800
      },
      {
         "card1" : 31,
         "card2" : 18,
         "money" : 0
      },
      {
         "card1" : 9,
         "card2" : 33,
         "money" : 130200
      }
   ]
}
#$#       ret = 473

Send 9
{
   "type" : 21,
   "value" : [
      {
         "card1" : 2,
         "card2" : 23,
         "money" : 60000
      },
      {
         "card1" : 32,
         "card2" : 24,
         "money" : 0
      },
      {
         "card1" : 47,
         "card2" : 5,
         "money" : 49800
      },
      {
         "card1" : 31,
         "card2" : 18,
         "money" : 0
      },
      {
         "card1" : 9,
         "card2" : 33,
         "money" : 130200
      }
   ]
}
#$#       ret = 473

Send 3
{
   "type" : 21,
   "value" : [
      {
         "card1" : 2,
         "card2" : 23,
         "money" : 60000
      },
      {
         "card1" : 32,
         "card2" : 24,
         "money" : 0
      },
      {
         "card1" : 47,
         "card2" : 5,
         "money" : 49800
      },
      {
         "card1" : 31,
         "card2" : 18,
         "money" : 0
      },
      {
         "card1" : 9,
         "card2" : 33,
         "money" : 130200
      }
   ]
}
#$#       ret = 473

Send 5
{
   "type" : 21,
   "value" : [
      {
         "card1" : 2,
         "card2" : 23,
         "money" : 60000
      },
      {
         "card1" : 32,
         "card2" : 24,
         "money" : 0
      },
      {
         "card1" : 47,
         "card2" : 5,
         "money" : 49800
      },
      {
         "card1" : 31,
         "card2" : 18,
         "money" : 0
      },
      {
         "card1" : 9,
         "card2" : 33,
         "money" : 130200
      }
   ]
}
#$#       ret = 473
insert a new player into the hall
player user id: 1, socket num = 292
now hall has 0 players
insert a new player into the hall
player user id: 6, socket num = 304
now hall has 1 players
insert a new player into the hall
player user id: 9, socket num = 308
now hall has 2 players
insert a new player into the hall
player user id: 3, socket num = 312
now hall has 3 players
insert a new player into the hall
player user id: 5, socket num = 316
now hall has 4 players
