g++ -std=c++11   -c -o game/Player.o game/Player.cpp
g++ -std=c++11   -c -o game/Game.o game/Game.cpp
g++ -std=c++11   -c -o game/Operate.o game/Operate.cpp
g++ -std=c++11 -c room.cpp -o room.o
g++ ./lib_json/json_reader.o ./lib_json/json_writer.o ./lib_json/json_value.o ./game/Player.o ./game/Game.o ./game/Operate.o room.o hall.o server.cpp -lws2_32 -o server2

Read players data
Num     id     password     money
  0        1            1   10000
  1        2            2   20000
  2        3            3   30000
  3        4            4   40000
  4        5            5   50000
  5        6            6   60000
  6        7            7   70000
  7        8            8   80000
  8        9            9   90000
  9       10           10 1000000
 10  player1      1234567  100000
 11  player2      1234567  200000
 12  player3      1234567  300000
 13  player4      1234567  400000
 14  player5      1234567  500000
 15  player6      1234567  600000
 16  player7      1234567  700000
 17  player8      1234567  800000
Room 0 is created
Room 1 is created
Room 2 is created
Room 3 is created
Room 4 is created
Room 5 is created
Room 6 is created
Room 7 is created
Room 8 is created
Room 9 is created
Room 10 is created
server is running now
hall thread is running

Waiting for connecting...
Connect a client 59.66.131.74:51174
Recv : {
   "password" : "1",
   "type" : 1,
   "username" : "1"
}
#$#
verify user
        username: 1
        password: 1

A new player login now
player id = 1, sock = 292

Send 1
{
   "money" : 10000,
   "result" : 1,
   "type" : 7
}
#$#       ret = 59
insert a new player into the hall
player user id: 1, socket num = 292
now hall has 0 players
Now hall_ has 1 players

Waiting for connecting...

Recv 1
{
   "room" : 1,
   "type" : 2
}
#$#       ret = 36
sock user id: 1, socket num = 292 get a packet
Room 1 join a new player

Send 1
{
   "result" : 1,
   "room" : 1,
   "type" : 6
}
#$#       ret = 54

Send 1
{
   "room_id" : 1,
   "seat" : [
      {
         "id" : "1",
         "is_in" : true,
         "money" : 10000
      }
   ],
   "type" : 18
}
#$#       ret = 148
erase user id: 1, socket num = 292
Now hall has 0 member
Connect a client 59.66.131.74:51430
Recv : {
   "password" : "6",
   "type" : 1,
   "username" : "6"
}
#$#
verify user
        username: 6
        password: 6

A new player login now
player id = 6, sock = 312

Send 6
{
   "money" : 60000,
   "result" : 1,
   "type" : 7
}
#$#       ret = 59
insert a new player into the hall
player user id: 6, socket num = 312
now hall has 0 players
Now hall_ has 1 players

Waiting for connecting...

Recv 6
{
   "room" : 1,
   "type" : 2
}
#$#       ret = 36
sock user id: 6, socket num = 312 get a packet
Room 1 join a new player

Send 1
{
   "result" : 1,
   "room" : 1,
   "type" : 6
}
#$#       ret = 54

Send 1
{
   "room_id" : 1,
   "seat" : [
      {
         "id" : "1",
         "is_in" : true,
         "money" : 10000
      },
      {
         "id" : "6",
         "is_in" : false,
         "money" : 60000
      }
   ],
   "type" : 18
}
#$#       ret = 237

Send 6
{
   "result" : 1,
   "room" : 1,
   "type" : 6
}
#$#       ret = 54

Send 6
{
   "room_id" : 1,
   "seat" : [
      {
         "id" : "1",
         "is_in" : false,
         "money" : 10000
      },
      {
         "id" : "6",
         "is_in" : true,
         "money" : 60000
      }
   ],
   "type" : 18
}
#$#       ret = 237
erase user id: 6, socket num = 312
Now hall has 0 member
Connect a client 59.66.131.74:51686
Recv : {
   "password" : "9",
   "type" : 1,
   "username" : "9"
}
#$#
verify user
        username: 9
        password: 9

A new player login now
player id = 9, sock = 316

Send 9
{
   "money" : 90000,
   "result" : 1,
   "type" : 7
}
#$#       ret = 59
insert a new player into the hall
player user id: 9, socket num = 316
now hall has 0 players
Now hall_ has 1 players

Waiting for connecting...

Recv 9
{
   "room" : 1,
   "type" : 2
}
#$#       ret = 36
sock user id: 9, socket num = 316 get a packet
Room 1 join a new player

Send 1
{
   "result" : 1,
   "room" : 1,
   "type" : 6
}
#$#       ret = 54

Send 1
{
   "room_id" : 1,
   "seat" : [
      {
         "id" : "1",
         "is_in" : true,
         "money" : 10000
      },
      {
         "id" : "6",
         "is_in" : false,
         "money" : 60000
      },
      {
         "id" : "9",
         "is_in" : false,
         "money" : 90000
      }
   ],
   "type" : 18
}
#$#       ret = 326

Send 6
{
   "result" : 1,
   "room" : 1,
   "type" : 6
}
#$#       ret = 54

Send 6
{
   "room_id" : 1,
   "seat" : [
      {
         "id" : "1",
         "is_in" : false,
         "money" : 10000
      },
      {
         "id" : "6",
         "is_in" : true,
         "money" : 60000
      },
      {
         "id" : "9",
         "is_in" : false,
         "money" : 90000
      }
   ],
   "type" : 18
}
#$#       ret = 326

Send 9
{
   "result" : 1,
   "room" : 1,
   "type" : 6
}
#$#       ret = 54

Send 9
{
   "room_id" : 1,
   "seat" : [
      {
         "id" : "1",
         "is_in" : false,
         "money" : 10000
      },
      {
         "id" : "6",
         "is_in" : false,
         "money" : 60000
      },
      {
         "id" : "9",
         "is_in" : true,
         "money" : 90000
      }
   ],
   "type" : 18
}
#$#       ret = 326
erase user id: 9, socket num = 316
Now hall has 0 member
Connect a client 59.66.131.74:51942
Recv : {
   "password" : "3",
   "type" : 1,
   "username" : "3"
}
#$#
verify user
        username: 3
        password: 3

A new player login now
player id = 3, sock = 320

Send 3
{
   "money" : 30000,
   "result" : 1,
   "type" : 7
}
#$#       ret = 59
insert a new player into the hall
player user id: 3, socket num = 320
now hall has 0 players
Now hall_ has 1 players

Waiting for connecting...

Recv 3
{
   "room" : 1,
   "type" : 2
}
#$#       ret = 36
sock user id: 3, socket num = 320 get a packet
Room 1 join a new player

Send 1
{
   "result" : 1,
   "room" : 1,
   "type" : 6
}
#$#       ret = 54

Send 1
{
   "room_id" : 1,
   "seat" : [
      {
         "id" : "1",
         "is_in" : true,
         "money" : 10000
      },
      {
         "id" : "6",
         "is_in" : false,
         "money" : 60000
      },
      {
         "id" : "9",
         "is_in" : false,
         "money" : 90000
      },
      {
         "id" : "3",
         "is_in" : false,
         "money" : 30000
      }
   ],
   "type" : 18
}
#$#       ret = 415

Send 6
{
   "result" : 1,
   "room" : 1,
   "type" : 6
}
#$#       ret = 54

Send 6
{
   "room_id" : 1,
   "seat" : [
      {
         "id" : "1",
         "is_in" : false,
         "money" : 10000
      },
      {
         "id" : "6",
         "is_in" : true,
         "money" : 60000
      },
      {
         "id" : "9",
         "is_in" : false,
         "money" : 90000
      },
      {
         "id" : "3",
         "is_in" : false,
         "money" : 30000
      }
   ],
   "type" : 18
}
#$#       ret = 415

Send 9
{
   "result" : 1,
   "room" : 1,
   "type" : 6
}
#$#       ret = 54

Send 9
{
   "room_id" : 1,
   "seat" : [
      {
         "id" : "1",
         "is_in" : false,
         "money" : 10000
      },
      {
         "id" : "6",
         "is_in" : false,
         "money" : 60000
      },
      {
         "id" : "9",
         "is_in" : true,
         "money" : 90000
      },
      {
         "id" : "3",
         "is_in" : false,
         "money" : 30000
      }
   ],
   "type" : 18
}
#$#       ret = 415

Send 3
{
   "result" : 1,
   "room" : 1,
   "type" : 6
}
#$#       ret = 54

Send 3
{
   "room_id" : 1,
   "seat" : [
      {
         "id" : "1",
         "is_in" : false,
         "money" : 10000
      },
      {
         "id" : "6",
         "is_in" : false,
         "money" : 60000
      },
      {
         "id" : "9",
         "is_in" : false,
         "money" : 90000
      },
      {
         "id" : "3",
         "is_in" : true,
         "money" : 30000
      }
   ],
   "type" : 18
}
#$#       ret = 415
erase user id: 3, socket num = 320
Now hall has 0 member
Connect a client 59.66.131.74:52198
Recv : {
   "password" : "5",
   "type" : 1,
   "username" : "5"
}
#$#
verify user
        username: 5
        password: 5

A new player login now
player id = 5, sock = 324

Send 5
{
   "money" : 50000,
   "result" : 1,
   "type" : 7
}
#$#       ret = 59
insert a new player into the hall
player user id: 5, socket num = 324
now hall has 0 players
Now hall_ has 1 players

Waiting for connecting...

Recv 5
{
   "room" : 1,
   "type" : 2
}
#$#       ret = 36
sock user id: 5, socket num = 324 get a packet
Room 1 join a new player

Send 1
{
   "result" : 1,
   "room" : 1,
   "type" : 6
}
#$#       ret = 54

Send 1
{
   "room_id" : 1,
   "seat" : [
      {
         "id" : "1",
         "is_in" : true,
         "money" : 10000
      },
      {
         "id" : "6",
         "is_in" : false,
         "money" : 60000
      },
      {
         "id" : "9",
         "is_in" : false,
         "money" : 90000
      },
      {
         "id" : "3",
         "is_in" : false,
         "money" : 30000
      },
      {
         "id" : "5",
         "is_in" : false,
         "money" : 50000
      }
   ],
   "type" : 18
}
#$#       ret = 504

Send 6
{
   "result" : 1,
   "room" : 1,
   "type" : 6
}
#$#       ret = 54

Send 6
{
   "room_id" : 1,
   "seat" : [
      {
         "id" : "1",
         "is_in" : false,
         "money" : 10000
      },
      {
         "id" : "6",
         "is_in" : true,
         "money" : 60000
      },
      {
         "id" : "9",
         "is_in" : false,
         "money" : 90000
      },
      {
         "id" : "3",
         "is_in" : false,
         "money" : 30000
      },
      {
         "id" : "5",
         "is_in" : false,
         "money" : 50000
      }
   ],
   "type" : 18
}
#$#       ret = 504

Send 9
{
   "result" : 1,
   "room" : 1,
   "type" : 6
}
#$#       ret = 54

Send 9
{
   "room_id" : 1,
   "seat" : [
      {
         "id" : "1",
         "is_in" : false,
         "money" : 10000
      },
      {
         "id" : "6",
         "is_in" : false,
         "money" : 60000
      },
      {
         "id" : "9",
         "is_in" : true,
         "money" : 90000
      },
      {
         "id" : "3",
         "is_in" : false,
         "money" : 30000
      },
      {
         "id" : "5",
         "is_in" : false,
         "money" : 50000
      }
   ],
   "type" : 18
}
#$#       ret = 504

Send 3
{
   "result" : 1,
   "room" : 1,
   "type" : 6
}
#$#       ret = 54

Send 3
{
   "room_id" : 1,
   "seat" : [
      {
         "id" : "1",
         "is_in" : false,
         "money" : 10000
      },
      {
         "id" : "6",
         "is_in" : false,
         "money" : 60000
      },
      {
         "id" : "9",
         "is_in" : false,
         "money" : 90000
      },
      {
         "id" : "3",
         "is_in" : true,
         "money" : 30000
      },
      {
         "id" : "5",
         "is_in" : false,
         "money" : 50000
      }
   ],
   "type" : 18
}
#$#       ret = 504

Send 5
{
   "result" : 1,
   "room" : 1,
   "type" : 6
}
#$#       ret = 54

Send 5
{
   "room_id" : 1,
   "seat" : [
      {
         "id" : "1",
         "is_in" : false,
         "money" : 10000
      },
      {
         "id" : "6",
         "is_in" : false,
         "money" : 60000
      },
      {
         "id" : "9",
         "is_in" : false,
         "money" : 90000
      },
      {
         "id" : "3",
         "is_in" : false,
         "money" : 30000
      },
      {
         "id" : "5",
         "is_in" : true,
         "money" : 50000
      }
   ],
   "type" : 18
}
#$#       ret = 504
erase user id: 5, socket num = 324
Now hall has 0 member
Room 1 has 5 players
Now begin a new game
init end
6 5 10000
9 1 60000
3 6 90000
5 9 30000
1 3 50000
room id is 1
money = 10000
money = 60000
money = 90000
money = 30000
money = 50000
doing blindBet.....
Send 1
{
   "money_left" : 9900,
   "money_op" : 100,
   "player_op" : 10,
   "player_pos" : 0,
   "type" : 16
}
#$#       ret = 110

Send 6
{
   "money_left" : 9900,
   "money_op" : 100,
   "player_op" : 10,
   "player_pos" : 0,
   "type" : 16
}
#$#       ret = 110

Send 9
{
   "money_left" : 9900,
   "money_op" : 100,
   "player_op" : 10,
   "player_pos" : 0,
   "type" : 16
}
#$#       ret = 110

Send 3
{
   "money_left" : 9900,
   "money_op" : 100,
   "player_op" : 10,
   "player_pos" : 0,
   "type" : 16
}
#$#       ret = 110

Send 5
{
   "money_left" : 9900,
   "money_op" : 100,
   "player_op" : 10,
   "player_pos" : 0,
   "type" : 16
}
#$#       ret = 110

Send 1
{
   "money_left" : 59800,
   "money_op" : 200,
   "player_op" : 10,
   "player_pos" : 1,
   "type" : 16
}
#$#       ret = 111

Send 6
{
   "money_left" : 59800,
   "money_op" : 200,
   "player_op" : 10,
   "player_pos" : 1,
   "type" : 16
}
#$#       ret = 111

Send 9
{
   "money_left" : 59800,
   "money_op" : 200,
   "player_op" : 10,
   "player_pos" : 1,
   "type" : 16
}
#$#       ret = 111

Send 3
{
   "money_left" : 59800,
   "money_op" : 200,
   "player_op" : 10,
   "player_pos" : 1,
   "type" : 16
}
#$#       ret = 111

Send 5
{
   "money_left" : 59800,
   "money_op" : 200,
   "player_op" : 10,
   "player_pos" : 1,
   "type" : 16
}
#$#       ret = 111
done
doing lcsPlayer...send license info now
now send message 9

Send 9
{
   "card" : 12,
   "type" : 19
}
#$#       ret = 39
send license info now
now send message 9

Send 9
{
   "card" : 48,
   "type" : 19
}
#$#       ret = 39
send license info now
now send message 3

Send 3
{
   "card" : 29,
   "type" : 19
}
#$#       ret = 39
send license info now
now send message 3

Send 3
{
   "card" : 4,
   "type" : 19
}
#$#       ret = 38
send license info now
now send message 5

Send 5
{
   "card" : 23,
   "type" : 19
}
#$#       ret = 39
send license info now
now send message 5

Send 5
{
   "card" : 1,
   "type" : 19
}
#$#       ret = 38
send license info now
now send message 1

Send 1
{
   "card" : 33,
   "type" : 19
}
#$#       ret = 39
send license info now
now send message 1

Send 1
{
   "card" : 34,
   "type" : 19
}
#$#       ret = 39
send license info now
now send message 6

Send 6
{
   "card" : 49,
   "type" : 19
}
#$#       ret = 39
send license info now
now send message 6

Send 6
{
   "card" : 17,
   "type" : 19
}
#$#       ret = 39
done
doing betTurn.....5
ready for operate...

Now turn to player 9

Send 9
{
   "cur_max_money" : 200,
   "type" : 15
}
#$#       ret = 49

Recv 9
{
   "type" : 11
}
#$#       ret = 22
get operation done
done
Bet 200!

Send 1
{
   "money_left" : 89800,
   "money_op" : 200,
   "player_op" : 11,
   "player_pos" : 2,
   "type" : 16
}
#$#       ret = 111

Send 6
{
   "money_left" : 89800,
   "money_op" : 200,
   "player_op" : 11,
   "player_pos" : 2,
   "type" : 16
}
#$#       ret = 111

Send 9
{
   "money_left" : 89800,
   "money_op" : 200,
   "player_op" : 11,
   "player_pos" : 2,
   "type" : 16
}
#$#       ret = 111

Send 3
{
   "money_left" : 89800,
   "money_op" : 200,
   "player_op" : 11,
   "player_pos" : 2,
   "type" : 16
}
#$#       ret = 111

Send 5
{
   "money_left" : 89800,
   "money_op" : 200,
   "player_op" : 11,
   "player_pos" : 2,
   "type" : 16
}
#$#       ret = 111
name:9
_money: 89800, _presentBet: 200, _gameResult: 0
_fold : 0,      _allin: 0
Card: H13, S10

5
ready for operate...

Now turn to player 3

Send 3
{
   "cur_max_money" : 200,
   "type" : 15
}
#$#       ret = 49

Recv 3
{
   "type" : 11
}
#$#       ret = 22
get operation done
done
Bet 200!

Send 1
{
   "money_left" : 29800,
   "money_op" : 200,
   "player_op" : 11,
   "player_pos" : 3,
   "type" : 16
}
#$#       ret = 111

Send 6
{
   "money_left" : 29800,
   "money_op" : 200,
   "player_op" : 11,
   "player_pos" : 3,
   "type" : 16
}
#$#       ret = 111

Send 9
{
   "money_left" : 29800,
   "money_op" : 200,
   "player_op" : 11,
   "player_pos" : 3,
   "type" : 16
}
#$#       ret = 111

Send 3
{
   "money_left" : 29800,
   "money_op" : 200,
   "player_op" : 11,
   "player_pos" : 3,
   "type" : 16
}
#$#       ret = 111

Send 5
{
   "money_left" : 29800,
   "money_op" : 200,
   "player_op" : 11,
   "player_pos" : 3,
   "type" : 16
}
#$#       ret = 111
name:3
_money: 29800, _presentBet: 200, _gameResult: 0
_fold : 0,      _allin: 0
Card: C4, H5

5
ready for operate...

Now turn to player 5

Send 5
{
   "cur_max_money" : 200,
   "type" : 15
}
#$#       ret = 49

Recv 5
{
   "type" : 11
}
#$#       ret = 22
get operation done
done
Bet 200!

Send 1
{
   "money_left" : 49800,
   "money_op" : 200,
   "player_op" : 11,
   "player_pos" : 4,
   "type" : 16
}
#$#       ret = 111

Send 6
{
   "money_left" : 49800,
   "money_op" : 200,
   "player_op" : 11,
   "player_pos" : 4,
   "type" : 16
}
#$#       ret = 111

Send 9
{
   "money_left" : 49800,
   "money_op" : 200,
   "player_op" : 11,
   "player_pos" : 4,
   "type" : 16
}
#$#       ret = 111

Send 3
{
   "money_left" : 49800,
   "money_op" : 200,
   "player_op" : 11,
   "player_pos" : 4,
   "type" : 16
}
#$#       ret = 111

Send 5
{
   "money_left" : 49800,
   "money_op" : 200,
   "player_op" : 11,
   "player_pos" : 4,
   "type" : 16
}
#$#       ret = 111
name:5
_money: 49800, _presentBet: 200, _gameResult: 0
_fold : 0,      _allin: 0
Card: D11, H2

5
ready for operate...

Now turn to player 1

Send 1
{
   "cur_max_money" : 200,
   "type" : 15
}
#$#       ret = 49

Recv 1
{
   "money" : 400,
   "type" : 10
}
#$#       ret = 40
get operation done
done
Bet 400!

Send 1
{
   "money_left" : 9500,
   "money_op" : 500,
   "player_op" : 10,
   "player_pos" : 0,
   "type" : 16
}
#$#       ret = 110

Send 6
{
   "money_left" : 9500,
   "money_op" : 500,
   "player_op" : 10,
   "player_pos" : 0,
   "type" : 16
}
#$#       ret = 110

Send 9
{
   "money_left" : 9500,
   "money_op" : 500,
   "player_op" : 10,
   "player_pos" : 0,
   "type" : 16
}
#$#       ret = 110

Send 3
{
   "money_left" : 9500,
   "money_op" : 500,
   "player_op" : 10,
   "player_pos" : 0,
   "type" : 16
}
#$#       ret = 110

Send 5
{
   "money_left" : 9500,
   "money_op" : 500,
   "player_op" : 10,
   "player_pos" : 0,
   "type" : 16
}
#$#       ret = 110
name:1
_money: 9500, _presentBet: 500, _gameResult: 0
_fold : 0,      _allin: 0
Card: C8, C9

5
ready for operate...

Now turn to player 6

Send 6
{
   "cur_max_money" : 500,
   "type" : 15
}
#$#       ret = 49

Recv 6
{
   "type" : 11
}
#$#       ret = 22
get operation done
done
Bet 300!

Send 1
{
   "money_left" : 59500,
   "money_op" : 500,
   "player_op" : 11,
   "player_pos" : 1,
   "type" : 16
}
#$#       ret = 111

Send 6
{
   "money_left" : 59500,
   "money_op" : 500,
   "player_op" : 11,
   "player_pos" : 1,
   "type" : 16
}
#$#       ret = 111

Send 9
{
   "money_left" : 59500,
   "money_op" : 500,
   "player_op" : 11,
   "player_pos" : 1,
   "type" : 16
}
#$#       ret = 111

Send 3
{
   "money_left" : 59500,
   "money_op" : 500,
   "player_op" : 11,
   "player_pos" : 1,
   "type" : 16
}
#$#       ret = 111

Send 5
{
   "money_left" : 59500,
   "money_op" : 500,
   "player_op" : 11,
   "player_pos" : 1,
   "type" : 16
}
#$#       ret = 111
name:6
_money: 59500, _presentBet: 500, _gameResult: 0
_fold : 0,      _allin: 0
Card: S11, D5

5
ready for operate...

Now turn to player 9

Send 9
{
   "cur_max_money" : 500,
   "type" : 15
}
#$#       ret = 49

Recv 9
{
   "type" : 11
}
#$#       ret = 22
get operation done
done
Bet 300!

Send 1
{
   "money_left" : 89500,
   "money_op" : 500,
   "player_op" : 11,
   "player_pos" : 2,
   "type" : 16
}
#$#       ret = 111

Send 6
{
   "money_left" : 89500,
   "money_op" : 500,
   "player_op" : 11,
   "player_pos" : 2,
   "type" : 16
}
#$#       ret = 111

Send 9
{
   "money_left" : 89500,
   "money_op" : 500,
   "player_op" : 11,
   "player_pos" : 2,
   "type" : 16
}
#$#       ret = 111

Send 3
{
   "money_left" : 89500,
   "money_op" : 500,
   "player_op" : 11,
   "player_pos" : 2,
   "type" : 16
}
#$#       ret = 111

Send 5
{
   "money_left" : 89500,
   "money_op" : 500,
   "player_op" : 11,
   "player_pos" : 2,
   "type" : 16
}
#$#       ret = 111
name:9
_money: 89500, _presentBet: 500, _gameResult: 0
_fold : 0,      _allin: 0
Card: H13, S10

5
ready for operate...

Now turn to player 3

Send 3
{
   "cur_max_money" : 500,
   "type" : 15
}
#$#       ret = 49

Recv 3
{
   "type" : 11
}
#$#       ret = 22
get operation done
done
Bet 300!

Send 1
{
   "money_left" : 29500,
   "money_op" : 500,
   "player_op" : 11,
   "player_pos" : 3,
   "type" : 16
}
#$#       ret = 111

Send 6
{
   "money_left" : 29500,
   "money_op" : 500,
   "player_op" : 11,
   "player_pos" : 3,
   "type" : 16
}
#$#       ret = 111

Send 9
{
   "money_left" : 29500,
   "money_op" : 500,
   "player_op" : 11,
   "player_pos" : 3,
   "type" : 16
}
#$#       ret = 111

Send 3
{
   "money_left" : 29500,
   "money_op" : 500,
   "player_op" : 11,
   "player_pos" : 3,
   "type" : 16
}
#$#       ret = 111

Send 5
{
   "money_left" : 29500,
   "money_op" : 500,
   "player_op" : 11,
   "player_pos" : 3,
   "type" : 16
}
#$#       ret = 111
name:3
_money: 29500, _presentBet: 500, _gameResult: 0
_fold : 0,      _allin: 0
Card: C4, H5

5
ready for operate...

Now turn to player 5

Send 5
{
   "cur_max_money" : 500,
   "type" : 15
}
#$#       ret = 49

Recv 5
{
   "type" : 11
}
#$#       ret = 22
get operation done
done
Bet 300!

Send 1
{
   "money_left" : 49500,
   "money_op" : 500,
   "player_op" : 11,
   "player_pos" : 4,
   "type" : 16
}
#$#       ret = 111

Send 6
{
   "money_left" : 49500,
   "money_op" : 500,
   "player_op" : 11,
   "player_pos" : 4,
   "type" : 16
}
#$#       ret = 111

Send 9
{
   "money_left" : 49500,
   "money_op" : 500,
   "player_op" : 11,
   "player_pos" : 4,
   "type" : 16
}
#$#       ret = 111

Send 3
{
   "money_left" : 49500,
   "money_op" : 500,
   "player_op" : 11,
   "player_pos" : 4,
   "type" : 16
}
#$#       ret = 111

Send 5
{
   "money_left" : 49500,
   "money_op" : 500,
   "player_op" : 11,
   "player_pos" : 4,
   "type" : 16
}
#$#       ret = 111
name:5
_money: 49500, _presentBet: 500, _gameResult: 0
_fold : 0,      _allin: 0
Card: D11, H2

done
Flop
doing lcsPublic...send public license info now

Send 1
{
   "card" : 31,
   "index" : 1,
   "type" : 20
}
#$#       ret = 55

Send 6
{
   "card" : 31,
   "index" : 1,
   "type" : 20
}
#$#       ret = 55

Send 9
{
   "card" : 31,
   "index" : 1,
   "type" : 20
}
#$#       ret = 55

Send 3
{
   "card" : 31,
   "index" : 1,
   "type" : 20
}
#$#       ret = 55

Send 5
{
   "card" : 31,
   "index" : 1,
   "type" : 20
}
#$#       ret = 55
done
doing lcsPublic...send public license info now

Send 1
{
   "card" : 11,
   "index" : 2,
   "type" : 20
}
#$#       ret = 55

Send 6
{
   "card" : 11,
   "index" : 2,
   "type" : 20
}
#$#       ret = 55

Send 9
{
   "card" : 11,
   "index" : 2,
   "type" : 20
}
#$#       ret = 55

Send 3
{
   "card" : 11,
   "index" : 2,
   "type" : 20
}
#$#       ret = 55

Send 5
{
   "card" : 11,
   "index" : 2,
   "type" : 20
}
#$#       ret = 55
done
doing lcsPublic...send public license info now

Send 1
{
   "card" : 10,
   "index" : 3,
   "type" : 20
}
#$#       ret = 55

Send 6
{
   "card" : 10,
   "index" : 3,
   "type" : 20
}
#$#       ret = 55

Send 9
{
   "card" : 10,
   "index" : 3,
   "type" : 20
}
#$#       ret = 55

Send 3
{
   "card" : 10,
   "index" : 3,
   "type" : 20
}
#$#       ret = 55

Send 5
{
   "card" : 10,
   "index" : 3,
   "type" : 20
}
#$#       ret = 55
done
doing betTurn.....5
ready for operate...

Now turn to player 1

Send 1
{
   "cur_max_money" : 500,
   "type" : 15
}
#$#       ret = 49

Recv 1
{
   "type" : 13
}
#$#       ret = 22
get operation done
done
ALLIN!

Send 1
{
   "money_left" : 0,
   "money_op" : 10000,
   "player_op" : 13,
   "player_pos" : 0,
   "type" : 16
}
#$#       ret = 109

Send 6
{
   "money_left" : 0,
   "money_op" : 10000,
   "player_op" : 13,
   "player_pos" : 0,
   "type" : 16
}
#$#       ret = 109

Send 9
{
   "money_left" : 0,
   "money_op" : 10000,
   "player_op" : 13,
   "player_pos" : 0,
   "type" : 16
}
#$#       ret = 109

Send 3
{
   "money_left" : 0,
   "money_op" : 10000,
   "player_op" : 13,
   "player_pos" : 0,
   "type" : 16
}
#$#       ret = 109

Send 5
{
   "money_left" : 0,
   "money_op" : 10000,
   "player_op" : 13,
   "player_pos" : 0,
   "type" : 16
}
#$#       ret = 109
name:1
_money: 0, _presentBet: 10000, _gameResult: 0
_fold : 0,      _allin: 1
Card: C8, C9

4
ready for operate...

Now turn to player 6

Send 6
{
   "cur_max_money" : 10000,
   "type" : 15
}
#$#       ret = 51

Recv 6
{
   "type" : 11
}
#$#       ret = 22
get operation done
done
Bet 9500!

Send 1
{
   "money_left" : 50000,
   "money_op" : 10000,
   "player_op" : 11,
   "player_pos" : 1,
   "type" : 16
}
#$#       ret = 113

Send 6
{
   "money_left" : 50000,
   "money_op" : 10000,
   "player_op" : 11,
   "player_pos" : 1,
   "type" : 16
}
#$#       ret = 113

Send 9
{
   "money_left" : 50000,
   "money_op" : 10000,
   "player_op" : 11,
   "player_pos" : 1,
   "type" : 16
}
#$#       ret = 113

Send 3
{
   "money_left" : 50000,
   "money_op" : 10000,
   "player_op" : 11,
   "player_pos" : 1,
   "type" : 16
}
#$#       ret = 113

Send 5
{
   "money_left" : 50000,
   "money_op" : 10000,
   "player_op" : 11,
   "player_pos" : 1,
   "type" : 16
}
#$#       ret = 113
name:6
_money: 50000, _presentBet: 10000, _gameResult: 0
_fold : 0,      _allin: 0
Card: S11, D5

4
ready for operate...

Now turn to player 9

Send 9
{
   "cur_max_money" : 10000,
   "type" : 15
}
#$#       ret = 51

Recv 9
{
   "type" : 11
}
#$#       ret = 22
get operation done
done
Bet 9500!

Send 1
{
   "money_left" : 80000,
   "money_op" : 10000,
   "player_op" : 11,
   "player_pos" : 2,
   "type" : 16
}
#$#       ret = 113

Send 6
{
   "money_left" : 80000,
   "money_op" : 10000,
   "player_op" : 11,
   "player_pos" : 2,
   "type" : 16
}
#$#       ret = 113

Send 9
{
   "money_left" : 80000,
   "money_op" : 10000,
   "player_op" : 11,
   "player_pos" : 2,
   "type" : 16
}
#$#       ret = 113

Send 3
{
   "money_left" : 80000,
   "money_op" : 10000,
   "player_op" : 11,
   "player_pos" : 2,
   "type" : 16
}
#$#       ret = 113

Send 5
{
   "money_left" : 80000,
   "money_op" : 10000,
   "player_op" : 11,
   "player_pos" : 2,
   "type" : 16
}
#$#       ret = 113
name:9
_money: 80000, _presentBet: 10000, _gameResult: 0
_fold : 0,      _allin: 0
Card: H13, S10

4
ready for operate...

Now turn to player 3

Send 3
{
   "cur_max_money" : 10000,
   "type" : 15
}
#$#       ret = 51

Recv 3
{
   "type" : 12
}
#$#       ret = 22
get operation done
done
FOLD

Send 1
{
   "money_left" : 29500,
   "money_op" : 500,
   "player_op" : 12,
   "player_pos" : 3,
   "type" : 16
}
#$#       ret = 111

Send 6
{
   "money_left" : 29500,
   "money_op" : 500,
   "player_op" : 12,
   "player_pos" : 3,
   "type" : 16
}
#$#       ret = 111

Send 9
{
   "money_left" : 29500,
   "money_op" : 500,
   "player_op" : 12,
   "player_pos" : 3,
   "type" : 16
}
#$#       ret = 111

Send 3
{
   "money_left" : 29500,
   "money_op" : 500,
   "player_op" : 12,
   "player_pos" : 3,
   "type" : 16
}
#$#       ret = 111

Send 5
{
   "money_left" : 29500,
   "money_op" : 500,
   "player_op" : 12,
   "player_pos" : 3,
   "type" : 16
}
#$#       ret = 111
name:3
_money: 29500, _presentBet: 500, _gameResult: 0
_fold : 1,      _allin: 0
Card: C4, H5

3
ready for operate...

Now turn to player 5

Send 5
{
   "cur_max_money" : 10000,
   "type" : 15
}
#$#       ret = 51

Recv 5
{
   "type" : 11
}
#$#       ret = 22
get operation done
done
Bet 9500!

Send 1
{
   "money_left" : 40000,
   "money_op" : 10000,
   "player_op" : 11,
   "player_pos" : 4,
   "type" : 16
}
#$#       ret = 113

Send 6
{
   "money_left" : 40000,
   "money_op" : 10000,
   "player_op" : 11,
   "player_pos" : 4,
   "type" : 16
}
#$#       ret = 113

Send 9
{
   "money_left" : 40000,
   "money_op" : 10000,
   "player_op" : 11,
   "player_pos" : 4,
   "type" : 16
}
#$#       ret = 113

Send 3
{
   "money_left" : 40000,
   "money_op" : 10000,
   "player_op" : 11,
   "player_pos" : 4,
   "type" : 16
}
#$#       ret = 113

Send 5
{
   "money_left" : 40000,
   "money_op" : 10000,
   "player_op" : 11,
   "player_pos" : 4,
   "type" : 16
}
#$#       ret = 113
name:5
_money: 40000, _presentBet: 10000, _gameResult: 0
_fold : 0,      _allin: 0
Card: D11, H2

done
Turn
doing lcsPublic...send public license info now

Send 1
{
   "card" : 43,
   "index" : 4,
   "type" : 20
}
#$#       ret = 55

Send 6
{
   "card" : 43,
   "index" : 4,
   "type" : 20
}
#$#       ret = 55

Send 9
{
   "card" : 43,
   "index" : 4,
   "type" : 20
}
#$#       ret = 55

Send 3
{
   "card" : 43,
   "index" : 4,
   "type" : 20
}
#$#       ret = 55

Send 5
{
   "card" : 43,
   "index" : 4,
   "type" : 20
}
#$#       ret = 55
done
doing betTurn.....3
3
ready for operate...

Now turn to player 6

Send 6
{
   "cur_max_money" : 10000,
   "type" : 15
}
#$#       ret = 51

Recv 6
{
   "type" : 11
}
#$#       ret = 22
get operation done
done
Bet 0!

Send 1
{
   "money_left" : 50000,
   "money_op" : 10000,
   "player_op" : 11,
   "player_pos" : 1,
   "type" : 16
}
#$#       ret = 113

Send 6
{
   "money_left" : 50000,
   "money_op" : 10000,
   "player_op" : 11,
   "player_pos" : 1,
   "type" : 16
}
#$#       ret = 113

Send 9
{
   "money_left" : 50000,
   "money_op" : 10000,
   "player_op" : 11,
   "player_pos" : 1,
   "type" : 16
}
#$#       ret = 113

Send 3
{
   "money_left" : 50000,
   "money_op" : 10000,
   "player_op" : 11,
   "player_pos" : 1,
   "type" : 16
}
#$#       ret = 113

Send 5
{
   "money_left" : 50000,
   "money_op" : 10000,
   "player_op" : 11,
   "player_pos" : 1,
   "type" : 16
}
#$#       ret = 113
name:6
_money: 50000, _presentBet: 10000, _gameResult: 0
_fold : 0,      _allin: 0
Card: S11, D5

3
ready for operate...

Now turn to player 9

Send 9
{
   "cur_max_money" : 10000,
   "type" : 15
}
#$#       ret = 51

Recv 9
{
   "money" : 15000,
   "type" : 10
}
#$#       ret = 42
get operation done
done
Bet 15000!

Send 1
{
   "money_left" : 65000,
   "money_op" : 25000,
   "player_op" : 10,
   "player_pos" : 2,
   "type" : 16
}
#$#       ret = 113

Send 6
{
   "money_left" : 65000,
   "money_op" : 25000,
   "player_op" : 10,
   "player_pos" : 2,
   "type" : 16
}
#$#       ret = 113

Send 9
{
   "money_left" : 65000,
   "money_op" : 25000,
   "player_op" : 10,
   "player_pos" : 2,
   "type" : 16
}
#$#       ret = 113

Send 3
{
   "money_left" : 65000,
   "money_op" : 25000,
   "player_op" : 10,
   "player_pos" : 2,
   "type" : 16
}
#$#       ret = 113

Send 5
{
   "money_left" : 65000,
   "money_op" : 25000,
   "player_op" : 10,
   "player_pos" : 2,
   "type" : 16
}
#$#       ret = 113
name:9
_money: 65000, _presentBet: 25000, _gameResult: 0
_fold : 0,      _allin: 0
Card: H13, S10

3
3
ready for operate...

Now turn to player 5

Send 5
{
   "cur_max_money" : 25000,
   "type" : 15
}
#$#       ret = 51

Recv 5
{
   "type" : 11
}
#$#       ret = 22
get operation done
done
Bet 15000!

Send 1
{
   "money_left" : 25000,
   "money_op" : 25000,
   "player_op" : 11,
   "player_pos" : 4,
   "type" : 16
}
#$#       ret = 113

Send 6
{
   "money_left" : 25000,
   "money_op" : 25000,
   "player_op" : 11,
   "player_pos" : 4,
   "type" : 16
}
#$#       ret = 113

Send 9
{
   "money_left" : 25000,
   "money_op" : 25000,
   "player_op" : 11,
   "player_pos" : 4,
   "type" : 16
}
#$#       ret = 113

Send 3
{
   "money_left" : 25000,
   "money_op" : 25000,
   "player_op" : 11,
   "player_pos" : 4,
   "type" : 16
}
#$#       ret = 113

Send 5
{
   "money_left" : 25000,
   "money_op" : 25000,
   "player_op" : 11,
   "player_pos" : 4,
   "type" : 16
}
#$#       ret = 113
name:5
_money: 25000, _presentBet: 25000, _gameResult: 0
_fold : 0,      _allin: 0
Card: D11, H2

3
3
ready for operate...

Now turn to player 6

Send 6
{
   "cur_max_money" : 25000,
   "type" : 15
}
#$#       ret = 51

Recv 6
{
   "type" : 11
}
#$#       ret = 22
get operation done
done
Bet 15000!

Send 1
{
   "money_left" : 35000,
   "money_op" : 25000,
   "player_op" : 11,
   "player_pos" : 1,
   "type" : 16
}
#$#       ret = 113

Send 6
{
   "money_left" : 35000,
   "money_op" : 25000,
   "player_op" : 11,
   "player_pos" : 1,
   "type" : 16
}
#$#       ret = 113

Send 9
{
   "money_left" : 35000,
   "money_op" : 25000,
   "player_op" : 11,
   "player_pos" : 1,
   "type" : 16
}
#$#       ret = 113

Send 3
{
   "money_left" : 35000,
   "money_op" : 25000,
   "player_op" : 11,
   "player_pos" : 1,
   "type" : 16
}
#$#       ret = 113

Send 5
{
   "money_left" : 35000,
   "money_op" : 25000,
   "player_op" : 11,
   "player_pos" : 1,
   "type" : 16
}
#$#       ret = 113
name:6
_money: 35000, _presentBet: 25000, _gameResult: 0
_fold : 0,      _allin: 0
Card: S11, D5

done
River
doing lcsPublic...send public license info now

Send 1
{
   "card" : 35,
   "index" : 5,
   "type" : 20
}
#$#       ret = 55

Send 6
{
   "card" : 35,
   "index" : 5,
   "type" : 20
}
#$#       ret = 55

Send 9
{
   "card" : 35,
   "index" : 5,
   "type" : 20
}
#$#       ret = 55

Send 3
{
   "card" : 35,
   "index" : 5,
   "type" : 20
}
#$#       ret = 55

Send 5
{
   "card" : 35,
   "index" : 5,
   "type" : 20
}
#$#       ret = 55
done
doing betTurn.....3
ready for operate...

Now turn to player 9

Send 9
{
   "cur_max_money" : 25000,
   "type" : 15
}
#$#       ret = 51

Recv 9
{
   "money" : 20000,
   "type" : 10
}
#$#       ret = 42
get operation done
done
Bet 20000!

Send 1
{
   "money_left" : 45000,
   "money_op" : 45000,
   "player_op" : 10,
   "player_pos" : 2,
   "type" : 16
}
#$#       ret = 113

Send 6
{
   "money_left" : 45000,
   "money_op" : 45000,
   "player_op" : 10,
   "player_pos" : 2,
   "type" : 16
}
#$#       ret = 113

Send 9
{
   "money_left" : 45000,
   "money_op" : 45000,
   "player_op" : 10,
   "player_pos" : 2,
   "type" : 16
}
#$#       ret = 113

Send 3
{
   "money_left" : 45000,
   "money_op" : 45000,
   "player_op" : 10,
   "player_pos" : 2,
   "type" : 16
}
#$#       ret = 113

Send 5
{
   "money_left" : 45000,
   "money_op" : 45000,
   "player_op" : 10,
   "player_pos" : 2,
   "type" : 16
}
#$#       ret = 113
name:9
_money: 45000, _presentBet: 45000, _gameResult: 0
_fold : 0,      _allin: 0
Card: H13, S10

3
3
ready for operate...

Now turn to player 5

Send 5
{
   "cur_max_money" : 45000,
   "type" : 15
}
#$#       ret = 51

Recv 5
{
   "type" : 11
}
#$#       ret = 22
get operation done
done
Bet 20000!

Send 1
{
   "money_left" : 5000,
   "money_op" : 45000,
   "player_op" : 11,
   "player_pos" : 4,
   "type" : 16
}
#$#       ret = 112

Send 6
{
   "money_left" : 5000,
   "money_op" : 45000,
   "player_op" : 11,
   "player_pos" : 4,
   "type" : 16
}
#$#       ret = 112

Send 9
{
   "money_left" : 5000,
   "money_op" : 45000,
   "player_op" : 11,
   "player_pos" : 4,
   "type" : 16
}
#$#       ret = 112

Send 3
{
   "money_left" : 5000,
   "money_op" : 45000,
   "player_op" : 11,
   "player_pos" : 4,
   "type" : 16
}
#$#       ret = 112

Send 5
{
   "money_left" : 5000,
   "money_op" : 45000,
   "player_op" : 11,
   "player_pos" : 4,
   "type" : 16
}
#$#       ret = 112
name:5
_money: 5000, _presentBet: 45000, _gameResult: 0
_fold : 0,      _allin: 0
Card: D11, H2

3
3
ready for operate...

Now turn to player 6

Send 6
{
   "cur_max_money" : 45000,
   "type" : 15
}
#$#       ret = 51

Recv 6
{
   "type" : 11
}
#$#       ret = 22
get operation done
done
Bet 20000!

Send 1
{
   "money_left" : 15000,
   "money_op" : 45000,
   "player_op" : 11,
   "player_pos" : 1,
   "type" : 16
}
#$#       ret = 113

Send 6
{
   "money_left" : 15000,
   "money_op" : 45000,
   "player_op" : 11,
   "player_pos" : 1,
   "type" : 16
}
#$#       ret = 113

Send 9
{
   "money_left" : 15000,
   "money_op" : 45000,
   "player_op" : 11,
   "player_pos" : 1,
   "type" : 16
}
#$#       ret = 113

Send 3
{
   "money_left" : 15000,
   "money_op" : 45000,
   "player_op" : 11,
   "player_pos" : 1,
   "type" : 16
}
#$#       ret = 113

Send 5
{
   "money_left" : 15000,
   "money_op" : 45000,
   "player_op" : 11,
   "player_pos" : 1,
   "type" : 16
}
#$#       ret = 113
name:6
_money: 15000, _presentBet: 45000, _gameResult: 0
_fold : 0,      _allin: 0
Card: S11, D5

done
CalcPattern
calculating pattern...Sorted cards:H13 H12 H11 C10 S10 C6 S5
Sorted cards:H12 H11 D11 C10 C6 S5 H2
Sorted cards:H12 H11 C10 C9 C8 C6 S5
Sorted cards:H12 H11 S11 C10 C6 S5 D5
done
CalcResult
flag1
flag2
flag3
allin
name:1
_money: 0, _presentBet: 0, _gameResult: -10000
_fold : 0,      _allin: 1
Card: C8, C9

name:6
_money: 50000, _presentBet: 35000, _gameResult: -10000
_fold : 0,      _allin: 0
Card: S11, D5

name:9
_money: 80000, _presentBet: 35000, _gameResult: -10000
_fold : 0,      _allin: 0
Card: H13, S10

name:3
_money: 29500, _presentBet: 0, _gameResult: -500
_fold : 1,      _allin: 0
Card: C4, H5

name:5
_money: 40000, _presentBet: 35000, _gameResult: -10000
_fold : 0,      _allin: 0
Card: D11, H2

flag4
the biggest pattern is :4 STRAIGHT H12 H11 C10 C9 C8

allin_calc
name:1
_money: 40500, _presentBet: 0, _gameResult: 30500
_fold : 0,      _allin: 1
Card: C8, C9

allin_calc
name:6
_money: 50000, _presentBet: 35000, _gameResult: -10000
_fold : 0,      _allin: 0
Card: S11, D5

allin_calc
name:9
_money: 80000, _presentBet: 35000, _gameResult: -10000
_fold : 0,      _allin: 0
Card: H13, S10

allin_calc
name:5
_money: 40000, _presentBet: 35000, _gameResult: -10000
_fold : 0,      _allin: 0
Card: D11, H2

flag1
flag2
No allin
name:3
_money: 29500, _presentBet: 0, _gameResult: -500
_fold : 1,      _allin: 0
Card: C4, H5

name:1
_money: 40500, _presentBet: 0, _gameResult: 30500
_fold : 0,      _allin: 1
Card: C8, C9

the biggest pattern is :6 TWO_PAIR H11 S11 S5 D5 H12

no allin_calc
name:9
_money: 45000, _presentBet: 0, _gameResult: -45000
_fold : 0,      _allin: 0
Card: H13, S10

no allin_calc
name:5
_money: 5000, _presentBet: 0, _gameResult: -45000
_fold : 0,      _allin: 0
Card: D11, H2

no allin_calc
name:6
_money: 120000, _presentBet: 0, _gameResult: 60000
_fold : 0,      _allin: 0
Card: S11, D5

name:9
_money: 45000, _presentBet: 0, _gameResult: -45000
_fold : 0,      _allin: 0
Card: H13, S10

7 ONE_PAIR C10 S10 H13 H12 H11

name:3
_money: 29500, _presentBet: 0, _gameResult: -500
_fold : 1,      _allin: 0
Card: C4, H5

The player has folded
name:5
_money: 5000, _presentBet: 0, _gameResult: -45000
_fold : 0,      _allin: 0
Card: D11, H2

7 ONE_PAIR H11 D11 H12 C10 C6

name:1
_money: 40500, _presentBet: 0, _gameResult: 30500
_fold : 0,      _allin: 1
Card: C8, C9

4 STRAIGHT H12 H11 C10 C9 C8

name:6
_money: 120000, _presentBet: 0, _gameResult: 60000
_fold : 0,      _allin: 0
Card: S11, D5

6 TWO_PAIR H11 S11 S5 D5 H12


Send 1
{
   "type" : 21,
   "value" : [
      {
         "card1" : 12,
         "card2" : 48,
         "money" : 45000
      },
      {
         "card1" : 29,
         "card2" : 4,
         "money" : 29500
      },
      {
         "card1" : 23,
         "card2" : 1,
         "money" : 5000
      },
      {
         "card1" : 33,
         "card2" : 34,
         "money" : 40500
      },
      {
         "card1" : 49,
         "card2" : 17,
         "money" : 120000
      }
   ]
}
#$#       ret = 481

Send 6
{
   "type" : 21,
   "value" : [
      {
         "card1" : 12,
         "card2" : 48,
         "money" : 45000
      },
      {
         "card1" : 29,
         "card2" : 4,
         "money" : 29500
      },
      {
         "card1" : 23,
         "card2" : 1,
         "money" : 5000
      },
      {
         "card1" : 33,
         "card2" : 34,
         "money" : 40500
      },
      {
         "card1" : 49,
         "card2" : 17,
         "money" : 120000
      }
   ]
}
#$#       ret = 481

Send 9
{
   "type" : 21,
   "value" : [
      {
         "card1" : 12,
         "card2" : 48,
         "money" : 45000
      },
      {
         "card1" : 29,
         "card2" : 4,
         "money" : 29500
      },
      {
         "card1" : 23,
         "card2" : 1,
         "money" : 5000
      },
      {
         "card1" : 33,
         "card2" : 34,
         "money" : 40500
      },
      {
         "card1" : 49,
         "card2" : 17,
         "money" : 120000
      }
   ]
}
#$#       ret = 481

Send 3
{
   "type" : 21,
   "value" : [
      {
         "card1" : 12,
         "card2" : 48,
         "money" : 45000
      },
      {
         "card1" : 29,
         "card2" : 4,
         "money" : 29500
      },
      {
         "card1" : 23,
         "card2" : 1,
         "money" : 5000
      },
      {
         "card1" : 33,
         "card2" : 34,
         "money" : 40500
      },
      {
         "card1" : 49,
         "card2" : 17,
         "money" : 120000
      }
   ]
}
#$#       ret = 481

Send 5
{
   "type" : 21,
   "value" : [
      {
         "card1" : 12,
         "card2" : 48,
         "money" : 45000
      },
      {
         "card1" : 29,
         "card2" : 4,
         "money" : 29500
      },
      {
         "card1" : 23,
         "card2" : 1,
         "money" : 5000
      },
      {
         "card1" : 33,
         "card2" : 34,
         "money" : 40500
      },
      {
         "card1" : 49,
         "card2" : 17,
         "money" : 120000
      }
   ]
}
#$#       ret = 481
insert a new player into the hall
player user id: 1, socket num = 292
now hall has 0 players
insert a new player into the hall
player user id: 6, socket num = 312
now hall has 1 players
insert a new player into the hall
player user id: 9, socket num = 316
now hall has 2 players
insert a new player into the hall
player user id: 3, socket num = 320
now hall has 3 players
insert a new player into the hall
player user id: 5, socket num = 324
now hall has 4 players
