g++ -std=c++11   -c -o game/Player.o game/Player.cpp
g++ -std=c++11   -c -o game/Game.o game/Game.cpp
g++ -std=c++11 -c ./game/Player.cpp -o ./game/Player.o
g++ -std=c++11 -c ./game/Game.cpp   -o ./game/Game.o
g++ -std=c++11 -c room.cpp -o room.o
g++ ./lib_json/json_reader.o ./lib_json/json_writer.o ./lib_json/json_value.o ./game/Player.o ./game/Game.o room.o hall.o server.cpp -lws2_32 -o server2

Read players data
Num     id     password     money
  0     test     12345678 1000000
  1     poor        12334   10000
  2        1            1   10000
  3        2            2   20000
  4        3            3   30000
  5        4            4   40000
  6        5            5   50000
  7        6            6   60000
  8        7            7   70000
  9        8            8   80000
 10        9            9   90000
 11       10           10 1000000
 12  player1      1234567  100000
 13  player2      1234567  200000
 14  player3      1234567  300000
 15  player4      1234567  400000
 16  player5      1234567  500000
 17  player6      1234567  600000
Room 0 is created
Room 1 is created
Room 2 is created
Room 3 is created
Room 4 is created
Room 5 is created
Room 6 is created
Room 7 is created
Room 8 is created
Room 9 is created
Room 10 is created
server is running now
hall thread is running

Waiting for connecting...
Connect a client 59.66.131.74:21476
Recv : {
   "password" : "1",
   "type" : 1,
   "username" : "1"
}
#$#
verify user
        username: 1
        password: 1

A new player login now
player id = 1, sock = 292

Send 1
{
   "money" : 10000,
   "result" : 1,
   "type" : 7
}
#$#       ret = 59
insert a new player into the hall
player user id: 1, socket num = 292
now hall has 0 players
Now hall has 1 players

Waiting for connecting...
test connect user id: 1, socket num = 292

Recv 1
{
   "room" : 6,
   "type" : 2
}
#$#       ret = 36
sock user id: 1, socket num = 292 get a packet
Room 6 join a new player

Send 1
{
   "result" : 1,
   "room" : 6,
   "type" : 6
}
#$#       ret = 54

Send 1
{
   "room_id" : 6,
   "seat" : [
      {
         "id" : "1",
         "is_in" : true,
         "money" : 10000
      }
   ],
   "type" : 18
}
#$#       ret = 148
erase user id: 1, socket num = 292
Now hall has 0 member
Connect a client 59.66.131.74:21732
Recv : {
   "password" : "1234567",
   "type" : 1,
   "username" : "player1"
}
#$#
verify user
        username: player1
        password: 1234567

A new player login now
player id = player1, sock = 312

Send player1
{
   "money" : 100000,
   "result" : 1,
   "type" : 7
}
#$#       ret = 60
insert a new player into the hall
player user id: player1, socket num = 312
now hall has 0 players
Now hall has 1 players

Waiting for connecting...

Recv player1
{
   "room" : 6,
   "type" : 2
}
#$#       ret = 36
sock user id: player1, socket num = 312 get a packet
Room 6 join a new player

Send 1
{
   "result" : 1,
   "room" : 6,
   "type" : 6
}
#$#       ret = 54

Send 1
{
   "room_id" : 6,
   "seat" : [
      {
         "id" : "1",
         "is_in" : true,
         "money" : 10000
      },
      {
         "id" : "player1",
         "is_in" : false,
         "money" : 100000
      }
   ],
   "type" : 18
}
#$#       ret = 244

Send player1
{
   "result" : 1,
   "room" : 6,
   "type" : 6
}
#$#       ret = 54

Send player1
{
   "room_id" : 6,
   "seat" : [
      {
         "id" : "1",
         "is_in" : false,
         "money" : 10000
      },
      {
         "id" : "player1",
         "is_in" : true,
         "money" : 100000
      }
   ],
   "type" : 18
}
#$#       ret = 244
erase user id: player1, socket num = 312
Now hall has 0 member
Connect a client 59.66.131.74:21988
Recv : {
   "password" : "2",
   "type" : 1,
   "username" : "2"
}
#$#
verify user
        username: 2
        password: 2

A new player login now
player id = 2, sock = 316

Send 2
{
   "money" : 20000,
   "result" : 1,
   "type" : 7
}
#$#       ret = 59
insert a new player into the hall
player user id: 2, socket num = 316
now hall has 0 players
Now hall has 1 players

Waiting for connecting...

Recv 2
{
   "room" : 6,
   "type" : 2
}
#$#       ret = 36
sock user id: 2, socket num = 316 get a packet
Room 6 join a new player

Send 1
{
   "result" : 1,
   "room" : 6,
   "type" : 6
}
#$#       ret = 54

Send 1
{
   "room_id" : 6,
   "seat" : [
      {
         "id" : "1",
         "is_in" : true,
         "money" : 10000
      },
      {
         "id" : "player1",
         "is_in" : false,
         "money" : 100000
      },
      {
         "id" : "2",
         "is_in" : false,
         "money" : 20000
      }
   ],
   "type" : 18
}
#$#       ret = 333

Send player1
{
   "result" : 1,
   "room" : 6,
   "type" : 6
}
#$#       ret = 54

Send player1
{
   "room_id" : 6,
   "seat" : [
      {
         "id" : "1",
         "is_in" : false,
         "money" : 10000
      },
      {
         "id" : "player1",
         "is_in" : true,
         "money" : 100000
      },
      {
         "id" : "2",
         "is_in" : false,
         "money" : 20000
      }
   ],
   "type" : 18
}
#$#       ret = 333

Send 2
{
   "result" : 1,
   "room" : 6,
   "type" : 6
}
#$#       ret = 54

Send 2
{
   "room_id" : 6,
   "seat" : [
      {
         "id" : "1",
         "is_in" : false,
         "money" : 10000
      },
      {
         "id" : "player1",
         "is_in" : false,
         "money" : 100000
      },
      {
         "id" : "2",
         "is_in" : true,
         "money" : 20000
      }
   ],
   "type" : 18
}
#$#       ret = 333
erase user id: 2, socket num = 316
Now hall has 0 member
Connect a client 59.66.131.74:22244
Recv : {
   "password" : "6",
   "type" : 1,
   "username" : "6"
}
#$#
verify user
        username: 6
        password: 6

A new player login now
player id = 6, sock = 320

Send 6
{
   "money" : 60000,
   "result" : 1,
   "type" : 7
}
#$#       ret = 59
insert a new player into the hall
player user id: 6, socket num = 320
now hall has 0 players
Now hall has 1 players

Waiting for connecting...

Recv 6
{
   "room" : 6,
   "type" : 2
}
#$#       ret = 36
sock user id: 6, socket num = 320 get a packet
Room 6 join a new player

Send 1
{
   "result" : 1,
   "room" : 6,
   "type" : 6
}
#$#       ret = 54

Send 1
{
   "room_id" : 6,
   "seat" : [
      {
         "id" : "1",
         "is_in" : true,
         "money" : 10000
      },
      {
         "id" : "player1",
         "is_in" : false,
         "money" : 100000
      },
      {
         "id" : "2",
         "is_in" : false,
         "money" : 20000
      },
      {
         "id" : "6",
         "is_in" : false,
         "money" : 60000
      }
   ],
   "type" : 18
}
#$#       ret = 422

Send player1
{
   "result" : 1,
   "room" : 6,
   "type" : 6
}
#$#       ret = 54

Send player1
{
   "room_id" : 6,
   "seat" : [
      {
         "id" : "1",
         "is_in" : false,
         "money" : 10000
      },
      {
         "id" : "player1",
         "is_in" : true,
         "money" : 100000
      },
      {
         "id" : "2",
         "is_in" : false,
         "money" : 20000
      },
      {
         "id" : "6",
         "is_in" : false,
         "money" : 60000
      }
   ],
   "type" : 18
}
#$#       ret = 422

Send 2
{
   "result" : 1,
   "room" : 6,
   "type" : 6
}
#$#       ret = 54

Send 2
{
   "room_id" : 6,
   "seat" : [
      {
         "id" : "1",
         "is_in" : false,
         "money" : 10000
      },
      {
         "id" : "player1",
         "is_in" : false,
         "money" : 100000
      },
      {
         "id" : "2",
         "is_in" : true,
         "money" : 20000
      },
      {
         "id" : "6",
         "is_in" : false,
         "money" : 60000
      }
   ],
   "type" : 18
}
#$#       ret = 422

Send 6
{
   "result" : 1,
   "room" : 6,
   "type" : 6
}
#$#       ret = 54

Send 6
{
   "room_id" : 6,
   "seat" : [
      {
         "id" : "1",
         "is_in" : false,
         "money" : 10000
      },
      {
         "id" : "player1",
         "is_in" : false,
         "money" : 100000
      },
      {
         "id" : "2",
         "is_in" : false,
         "money" : 20000
      },
      {
         "id" : "6",
         "is_in" : true,
         "money" : 60000
      }
   ],
   "type" : 18
}
#$#       ret = 422
erase user id: 6, socket num = 320
Now hall has 0 member
Connect a client 59.66.131.74:22500
Recv : {
   "password" : "9",
   "type" : 1,
   "username" : "9"
}
#$#
verify user
        username: 9
        password: 9

A new player login now
player id = 9, sock = 324

Send 9
{
   "money" : 90000,
   "result" : 1,
   "type" : 7
}
#$#       ret = 59
insert a new player into the hall
player user id: 9, socket num = 324
now hall has 0 players
Now hall has 1 players

Waiting for connecting...

Recv 9
{
   "room" : 6,
   "type" : 2
}
#$#       ret = 36
sock user id: 9, socket num = 324 get a packet
Room 6 join a new player

Send 1
{
   "result" : 1,
   "room" : 6,
   "type" : 6
}
#$#       ret = 54

Send 1
{
   "room_id" : 6,
   "seat" : [
      {
         "id" : "1",
         "is_in" : true,
         "money" : 10000
      },
      {
         "id" : "player1",
         "is_in" : false,
         "money" : 100000
      },
      {
         "id" : "2",
         "is_in" : false,
         "money" : 20000
      },
      {
         "id" : "6",
         "is_in" : false,
         "money" : 60000
      },
      {
         "id" : "9",
         "is_in" : false,
         "money" : 90000
      }
   ],
   "type" : 18
}
#$#       ret = 511

Send player1
{
   "result" : 1,
   "room" : 6,
   "type" : 6
}
#$#       ret = 54

Send player1
{
   "room_id" : 6,
   "seat" : [
      {
         "id" : "1",
         "is_in" : false,
         "money" : 10000
      },
      {
         "id" : "player1",
         "is_in" : true,
         "money" : 100000
      },
      {
         "id" : "2",
         "is_in" : false,
         "money" : 20000
      },
      {
         "id" : "6",
         "is_in" : false,
         "money" : 60000
      },
      {
         "id" : "9",
         "is_in" : false,
         "money" : 90000
      }
   ],
   "type" : 18
}
#$#       ret = 511

Send 2
{
   "result" : 1,
   "room" : 6,
   "type" : 6
}
#$#       ret = 54

Send 2
{
   "room_id" : 6,
   "seat" : [
      {
         "id" : "1",
         "is_in" : false,
         "money" : 10000
      },
      {
         "id" : "player1",
         "is_in" : false,
         "money" : 100000
      },
      {
         "id" : "2",
         "is_in" : true,
         "money" : 20000
      },
      {
         "id" : "6",
         "is_in" : false,
         "money" : 60000
      },
      {
         "id" : "9",
         "is_in" : false,
         "money" : 90000
      }
   ],
   "type" : 18
}
#$#       ret = 511

Send 6
{
   "result" : 1,
   "room" : 6,
   "type" : 6
}
#$#       ret = 54

Send 6
{
   "room_id" : 6,
   "seat" : [
      {
         "id" : "1",
         "is_in" : false,
         "money" : 10000
      },
      {
         "id" : "player1",
         "is_in" : false,
         "money" : 100000
      },
      {
         "id" : "2",
         "is_in" : false,
         "money" : 20000
      },
      {
         "id" : "6",
         "is_in" : true,
         "money" : 60000
      },
      {
         "id" : "9",
         "is_in" : false,
         "money" : 90000
      }
   ],
   "type" : 18
}
#$#       ret = 511

Send 9
{
   "result" : 1,
   "room" : 6,
   "type" : 6
}
#$#       ret = 54

Send 9
{
   "room_id" : 6,
   "seat" : [
      {
         "id" : "1",
         "is_in" : false,
         "money" : 10000
      },
      {
         "id" : "player1",
         "is_in" : false,
         "money" : 100000
      },
      {
         "id" : "2",
         "is_in" : false,
         "money" : 20000
      },
      {
         "id" : "6",
         "is_in" : false,
         "money" : 60000
      },
      {
         "id" : "9",
         "is_in" : true,
         "money" : 90000
      }
   ],
   "type" : 18
}
#$#       ret = 511
erase user id: 9, socket num = 324
Now hall has 0 member
Room 6 has 5 players
Now begin a new game
init end
player1
9
10000
2
1
100000
6
player1
20000
9
2
60000
1
6
90000
room id is 6
money = 10000
money = 100000
money = 20000
money = 60000
money = 90000
doing blindBet.....
Send 1
{
   "money_left" : 9900,
   "money_op" : 100,
   "player_op" : 10,
   "player_pos" : 0,
   "type" : 16
}
#$#       ret = 110

Send player1
{
   "money_left" : 9900,
   "money_op" : 100,
   "player_op" : 10,
   "player_pos" : 0,
   "type" : 16
}
#$#       ret = 110

Send 2
{
   "money_left" : 9900,
   "money_op" : 100,
   "player_op" : 10,
   "player_pos" : 0,
   "type" : 16
}
#$#       ret = 110

Send 6
{
   "money_left" : 9900,
   "money_op" : 100,
   "player_op" : 10,
   "player_pos" : 0,
   "type" : 16
}
#$#       ret = 110

Send 9
{
   "money_left" : 9900,
   "money_op" : 100,
   "player_op" : 10,
   "player_pos" : 0,
   "type" : 16
}
#$#       ret = 110

Send 1
{
   "money_left" : 99800,
   "money_op" : 200,
   "player_op" : 10,
   "player_pos" : 1,
   "type" : 16
}
#$#       ret = 111

Send player1
{
   "money_left" : 99800,
   "money_op" : 200,
   "player_op" : 10,
   "player_pos" : 1,
   "type" : 16
}
#$#       ret = 111

Send 2
{
   "money_left" : 99800,
   "money_op" : 200,
   "player_op" : 10,
   "player_pos" : 1,
   "type" : 16
}
#$#       ret = 111

Send 6
{
   "money_left" : 99800,
   "money_op" : 200,
   "player_op" : 10,
   "player_pos" : 1,
   "type" : 16
}
#$#       ret = 111

Send 9
{
   "money_left" : 99800,
   "money_op" : 200,
   "player_op" : 10,
   "player_pos" : 1,
   "type" : 16
}
#$#       ret = 111
done
doing lcsPlayer...send license info now
now send message 2

Send 2
{
   "card" : 2,
   "type" : 19
}
#$#       ret = 38
send license info now
now send message 2

Send 2
{
   "card" : 45,
   "type" : 19
}
#$#       ret = 39
send license info now
now send message 6

Send 6
{
   "card" : 0,
   "type" : 19
}
#$#       ret = 38
send license info now
now send message 6

Send 6
{
   "card" : 17,
   "type" : 19
}
#$#       ret = 39
send license info now
now send message 9

Send 9
{
   "card" : 37,
   "type" : 19
}
#$#       ret = 39
send license info now
now send message 9

Send 9
{
   "card" : 16,
   "type" : 19
}
#$#       ret = 39
send license info now
now send message 1

Send 1
{
   "card" : 26,
   "type" : 19
}
#$#       ret = 39
send license info now
now send message 1

Send 1
{
   "card" : 18,
   "type" : 19
}
#$#       ret = 39
send license info now
now send message player1

Send player1
{
   "card" : 33,
   "type" : 19
}
#$#       ret = 39
send license info now
now send message player1

Send player1
{
   "card" : 14,
   "type" : 19
}
#$#       ret = 39
done
doing betTurn.....5
ready for operate...

Now turn to player 2

Send 2
{
   "cur_max_money" : 200,
   "type" : 15
}
#$#       ret = 49

Recv 2
{
   "type" : 11
}
#$#       ret = 22
get operation done
done
Bet 200!

Send 1
{
   "money_left" : 19800,
   "money_op" : 200,
   "player_op" : 11,
   "player_pos" : 2,
   "type" : 16
}
#$#       ret = 111

Send player1
{
   "money_left" : 19800,
   "money_op" : 200,
   "player_op" : 11,
   "player_pos" : 2,
   "type" : 16
}
#$#       ret = 111

Send 6
{
   "money_left" : 19800,
   "money_op" : 200,
   "player_op" : 11,
   "player_pos" : 2,
   "type" : 16
}
#$#       ret = 111

Send 9
{
   "money_left" : 19800,
   "money_op" : 200,
   "player_op" : 11,
   "player_pos" : 2,
   "type" : 16
}
#$#       ret = 111
name:2
_money: 19800, _presentBet: 200, _gameResult: 0
_fold : 0,      _allin: 0
Card: H3, S7

5
ready for operate...

Now turn to player 6

Send 6
{
   "cur_max_money" : 200,
   "type" : 15
}
#$#       ret = 49

Recv 6
{
   "money" : 300,
   "type" : 10
}
#$#       ret = 40
get operation done
done
Bet 300!

Send 1
{
   "money_left" : 59700,
   "money_op" : 300,
   "player_op" : 10,
   "player_pos" : 3,
   "type" : 16
}
#$#       ret = 111

Send player1
{
   "money_left" : 59700,
   "money_op" : 300,
   "player_op" : 10,
   "player_pos" : 3,
   "type" : 16
}
#$#       ret = 111

Send 2
{
   "money_left" : 59700,
   "money_op" : 300,
   "player_op" : 10,
   "player_pos" : 3,
   "type" : 16
}
#$#       ret = 111

Send 9
{
   "money_left" : 59700,
   "money_op" : 300,
   "player_op" : 10,
   "player_pos" : 3,
   "type" : 16
}
#$#       ret = 111
name:6
_money: 59700, _presentBet: 300, _gameResult: 0
_fold : 0,      _allin: 0
Card: H1, D5

5
ready for operate...

Now turn to player 9

Send 9
{
   "cur_max_money" : 300,
   "type" : 15
}
#$#       ret = 49

Recv 9
{
   "type" : 11
}
#$#       ret = 22
get operation done
done
Bet 300!

Send 1
{
   "money_left" : 89700,
   "money_op" : 300,
   "player_op" : 11,
   "player_pos" : 4,
   "type" : 16
}
#$#       ret = 111

Send player1
{
   "money_left" : 89700,
   "money_op" : 300,
   "player_op" : 11,
   "player_pos" : 4,
   "type" : 16
}
#$#       ret = 111

Send 2
{
   "money_left" : 89700,
   "money_op" : 300,
   "player_op" : 11,
   "player_pos" : 4,
   "type" : 16
}
#$#       ret = 111

Send 6
{
   "money_left" : 89700,
   "money_op" : 300,
   "player_op" : 11,
   "player_pos" : 4,
   "type" : 16
}
#$#       ret = 111
name:9
_money: 89700, _presentBet: 300, _gameResult: 0
_fold : 0,      _allin: 0
Card: C12, D4

5
ready for operate...

Now turn to player 1

Send 1
{
   "cur_max_money" : 300,
   "type" : 15
}
#$#       ret = 49

Recv 1
{
   "type" : 11
}
#$#       ret = 22
get operation done
done
Bet 200!

Send player1
{
   "money_left" : 9700,
   "money_op" : 300,
   "player_op" : 11,
   "player_pos" : 0,
   "type" : 16
}
#$#       ret = 110

Send 2
{
   "money_left" : 9700,
   "money_op" : 300,
   "player_op" : 11,
   "player_pos" : 0,
   "type" : 16
}
#$#       ret = 110

Send 6
{
   "money_left" : 9700,
   "money_op" : 300,
   "player_op" : 11,
   "player_pos" : 0,
   "type" : 16
}
#$#       ret = 110

Send 9
{
   "money_left" : 9700,
   "money_op" : 300,
   "player_op" : 11,
   "player_pos" : 0,
   "type" : 16
}
#$#       ret = 110
name:1
_money: 9700, _presentBet: 300, _gameResult: 0
_fold : 0,      _allin: 0
Card: C1, D6

5
ready for operate...

Now turn to player player1

Send player1
{
   "cur_max_money" : 300,
   "type" : 15
}
#$#       ret = 49

Recv player1
{
   "type" : 11
}
#$#       ret = 22
get operation done
done
Bet 100!

Send 1
{
   "money_left" : 99700,
   "money_op" : 300,
   "player_op" : 11,
   "player_pos" : 1,
   "type" : 16
}
#$#       ret = 111

Send 2
{
   "money_left" : 99700,
   "money_op" : 300,
   "player_op" : 11,
   "player_pos" : 1,
   "type" : 16
}
#$#       ret = 111

Send 6
{
   "money_left" : 99700,
   "money_op" : 300,
   "player_op" : 11,
   "player_pos" : 1,
   "type" : 16
}
#$#       ret = 111

Send 9
{
   "money_left" : 99700,
   "money_op" : 300,
   "player_op" : 11,
   "player_pos" : 1,
   "type" : 16
}
#$#       ret = 111
name:player1
_money: 99700, _presentBet: 300, _gameResult: 0
_fold : 0,      _allin: 0
Card: C8, D2

5
ready for operate...

Now turn to player 2

Send 2
{
   "cur_max_money" : 300,
   "type" : 15
}
#$#       ret = 49

Recv 2
{
   "type" : 12
}
#$#       ret = 22
get operation done
done
FOLD

Send 1
{
   "money_left" : 19800,
   "money_op" : 200,
   "player_op" : 12,
   "player_pos" : 2,
   "type" : 16
}
#$#       ret = 111

Send player1
{
   "money_left" : 19800,
   "money_op" : 200,
   "player_op" : 12,
   "player_pos" : 2,
   "type" : 16
}
#$#       ret = 111

Send 6
{
   "money_left" : 19800,
   "money_op" : 200,
   "player_op" : 12,
   "player_pos" : 2,
   "type" : 16
}
#$#       ret = 111

Send 9
{
   "money_left" : 19800,
   "money_op" : 200,
   "player_op" : 12,
   "player_pos" : 2,
   "type" : 16
}
#$#       ret = 111
name:2
_money: 19800, _presentBet: 200, _gameResult: 0
_fold : 1,      _allin: 0
Card: H3, S7

done
Flop
doing lcsPublic...send public license info now

Send 1
{
   "card" : 28,
   "index" : 1,
   "type" : 20
}
#$#       ret = 55

Send player1
{
   "card" : 28,
   "index" : 1,
   "type" : 20
}
#$#       ret = 55

Send 2
{
   "card" : 28,
   "index" : 1,
   "type" : 20
}
#$#       ret = 55

Send 6
{
   "card" : 28,
   "index" : 1,
   "type" : 20
}
#$#       ret = 55

Send 9
{
   "card" : 28,
   "index" : 1,
   "type" : 20
}
#$#       ret = 55
done
doing lcsPublic...send public license info now

Send 1
{
   "card" : 5,
   "index" : 2,
   "type" : 20
}
#$#       ret = 54

Send player1
{
   "card" : 5,
   "index" : 2,
   "type" : 20
}
#$#       ret = 54

Send 2
{
   "card" : 5,
   "index" : 2,
   "type" : 20
}
#$#       ret = 54

Send 6
{
   "card" : 5,
   "index" : 2,
   "type" : 20
}
#$#       ret = 54

Send 9
{
   "card" : 5,
   "index" : 2,
   "type" : 20
}
#$#       ret = 54
done
doing lcsPublic...send public license info now

Send 1
{
   "card" : 25,
   "index" : 3,
   "type" : 20
}
#$#       ret = 55

Send player1
{
   "card" : 25,
   "index" : 3,
   "type" : 20
}
#$#       ret = 55

Send 2
{
   "card" : 25,
   "index" : 3,
   "type" : 20
}
#$#       ret = 55

Send 6
{
   "card" : 25,
   "index" : 3,
   "type" : 20
}
#$#       ret = 55

Send 9
{
   "card" : 25,
   "index" : 3,
   "type" : 20
}
#$#       ret = 55
done
doing betTurn.....4
ready for operate...

Now turn to player 6

Send 6
{
   "cur_max_money" : 300,
   "type" : 15
}
#$#       ret = 49

Recv 6
{
   "money" : 400,
   "type" : 10
}
#$#       ret = 40
get operation done
done
Bet 400!

Send 1
{
   "money_left" : 59300,
   "money_op" : 700,
   "player_op" : 10,
   "player_pos" : 3,
   "type" : 16
}
#$#       ret = 111

Send player1
{
   "money_left" : 59300,
   "money_op" : 700,
   "player_op" : 10,
   "player_pos" : 3,
   "type" : 16
}
#$#       ret = 111

Send 2
{
   "money_left" : 59300,
   "money_op" : 700,
   "player_op" : 10,
   "player_pos" : 3,
   "type" : 16
}
#$#       ret = 111

Send 9
{
   "money_left" : 59300,
   "money_op" : 700,
   "player_op" : 10,
   "player_pos" : 3,
   "type" : 16
}
#$#       ret = 111
name:6
_money: 59300, _presentBet: 700, _gameResult: 0
_fold : 0,      _allin: 0
Card: H1, D5

4
ready for operate...

Now turn to player 9

Send 9
{
   "cur_max_money" : 700,
   "type" : 15
}
#$#       ret = 49

Recv 9
{
   "type" : 11
}
#$#       ret = 22
get operation done
done
Bet 400!

Send 1
{
   "money_left" : 89300,
   "money_op" : 700,
   "player_op" : 11,
   "player_pos" : 4,
   "type" : 16
}
#$#       ret = 111

Send player1
{
   "money_left" : 89300,
   "money_op" : 700,
   "player_op" : 11,
   "player_pos" : 4,
   "type" : 16
}
#$#       ret = 111

Send 2
{
   "money_left" : 89300,
   "money_op" : 700,
   "player_op" : 11,
   "player_pos" : 4,
   "type" : 16
}
#$#       ret = 111

Send 6
{
   "money_left" : 89300,
   "money_op" : 700,
   "player_op" : 11,
   "player_pos" : 4,
   "type" : 16
}
#$#       ret = 111
name:9
_money: 89300, _presentBet: 700, _gameResult: 0
_fold : 0,      _allin: 0
Card: C12, D4

4
ready for operate...

Now turn to player 1

Send 1
{
   "cur_max_money" : 700,
   "type" : 15
}
#$#       ret = 49

Recv 1
{
   "type" : 13
}
#$#       ret = 22
get operation done
done
ALLIN!

Send player1
{
   "money_left" : 0,
   "money_op" : 10000,
   "player_op" : 13,
   "player_pos" : 0,
   "type" : 16
}
#$#       ret = 109

Send 2
{
   "money_left" : 0,
   "money_op" : 10000,
   "player_op" : 13,
   "player_pos" : 0,
   "type" : 16
}
#$#       ret = 109

Send 6
{
   "money_left" : 0,
   "money_op" : 10000,
   "player_op" : 13,
   "player_pos" : 0,
   "type" : 16
}
#$#       ret = 109

Send 9
{
   "money_left" : 0,
   "money_op" : 10000,
   "player_op" : 13,
   "player_pos" : 0,
   "type" : 16
}
#$#       ret = 109
name:1
_money: 0, _presentBet: 10000, _gameResult: 0
_fold : 0,      _allin: 1
Card: C1, D6

3
ready for operate...

Now turn to player player1

Send player1
{
   "cur_max_money" : 10000,
   "type" : 15
}
#$#       ret = 51

Recv player1
{
   "type" : 12
}
#$#       ret = 22
get operation done
done
FOLD

Send 1
{
   "money_left" : 99700,
   "money_op" : 300,
   "player_op" : 12,
   "player_pos" : 1,
   "type" : 16
}
#$#       ret = 111

Send 2
{
   "money_left" : 99700,
   "money_op" : 300,
   "player_op" : 12,
   "player_pos" : 1,
   "type" : 16
}
#$#       ret = 111

Send 6
{
   "money_left" : 99700,
   "money_op" : 300,
   "player_op" : 12,
   "player_pos" : 1,
   "type" : 16
}
#$#       ret = 111

Send 9
{
   "money_left" : 99700,
   "money_op" : 300,
   "player_op" : 12,
   "player_pos" : 1,
   "type" : 16
}
#$#       ret = 111
name:player1
_money: 99700, _presentBet: 300, _gameResult: 0
_fold : 1,      _allin: 0
Card: C8, D2

2
2
ready for operate...

Now turn to player 6

Send 6
{
   "cur_max_money" : 10000,
   "type" : 15
}
#$#       ret = 51

Recv 6
{
   "type" : 11
}
#$#       ret = 22
get operation done
done
Bet 9300!

Send 1
{
   "money_left" : 50000,
   "money_op" : 10000,
   "player_op" : 11,
   "player_pos" : 3,
   "type" : 16
}
#$#       ret = 113

Send player1
{
   "money_left" : 50000,
   "money_op" : 10000,
   "player_op" : 11,
   "player_pos" : 3,
   "type" : 16
}
#$#       ret = 113

Send 2
{
   "money_left" : 50000,
   "money_op" : 10000,
   "player_op" : 11,
   "player_pos" : 3,
   "type" : 16
}
#$#       ret = 113

Send 9
{
   "money_left" : 50000,
   "money_op" : 10000,
   "player_op" : 11,
   "player_pos" : 3,
   "type" : 16
}
#$#       ret = 113
name:6
_money: 50000, _presentBet: 10000, _gameResult: 0
_fold : 0,      _allin: 0
Card: H1, D5

2
ready for operate...

Now turn to player 9

Send 9
{
   "cur_max_money" : 10000,
   "type" : 15
}
#$#       ret = 51

Recv 9
{
   "type" : 11
}
#$#       ret = 22
get operation done
done
Bet 9300!

Send 1
{
   "money_left" : 80000,
   "money_op" : 10000,
   "player_op" : 11,
   "player_pos" : 4,
   "type" : 16
}
#$#       ret = 113

Send player1
{
   "money_left" : 80000,
   "money_op" : 10000,
   "player_op" : 11,
   "player_pos" : 4,
   "type" : 16
}
#$#       ret = 113

Send 2
{
   "money_left" : 80000,
   "money_op" : 10000,
   "player_op" : 11,
   "player_pos" : 4,
   "type" : 16
}
#$#       ret = 113

Send 6
{
   "money_left" : 80000,
   "money_op" : 10000,
   "player_op" : 11,
   "player_pos" : 4,
   "type" : 16
}
#$#       ret = 113
name:9
_money: 80000, _presentBet: 10000, _gameResult: 0
_fold : 0,      _allin: 0
Card: C12, D4

done
Turn
doing lcsPublic...send public license info now

Send 1
{
   "card" : 38,
   "index" : 4,
   "type" : 20
}
#$#       ret = 55

Send player1
{
   "card" : 38,
   "index" : 4,
   "type" : 20
}
#$#       ret = 55

Send 2
{
   "card" : 38,
   "index" : 4,
   "type" : 20
}
#$#       ret = 55

Send 6
{
   "card" : 38,
   "index" : 4,
   "type" : 20
}
#$#       ret = 55

Send 9
{
   "card" : 38,
   "index" : 4,
   "type" : 20
}
#$#       ret = 55
done
doing betTurn.....2
2
2
2
ready for operate...

Now turn to player 6

Send 6
{
   "cur_max_money" : 10000,
   "type" : 15
}
#$#       ret = 51

Recv 6
{
   "type" : 11
}
#$#       ret = 22
get operation done
done
Bet 0!

Send 1
{
   "money_left" : 50000,
   "money_op" : 10000,
   "player_op" : 11,
   "player_pos" : 3,
   "type" : 16
}
#$#       ret = 113

Send player1
{
   "money_left" : 50000,
   "money_op" : 10000,
   "player_op" : 11,
   "player_pos" : 3,
   "type" : 16
}
#$#       ret = 113

Send 2
{
   "money_left" : 50000,
   "money_op" : 10000,
   "player_op" : 11,
   "player_pos" : 3,
   "type" : 16
}
#$#       ret = 113

Send 9
{
   "money_left" : 50000,
   "money_op" : 10000,
   "player_op" : 11,
   "player_pos" : 3,
   "type" : 16
}
#$#       ret = 113
name:6
_money: 50000, _presentBet: 10000, _gameResult: 0
_fold : 0,      _allin: 0
Card: H1, D5

2
ready for operate...

Now turn to player 9

Send 9
{
   "cur_max_money" : 10000,
   "type" : 15
}
#$#       ret = 51

Recv 9
{
   "type" : 11
}
#$#       ret = 22
get operation done
done
Bet 0!

Send 1
{
   "money_left" : 80000,
   "money_op" : 10000,
   "player_op" : 11,
   "player_pos" : 4,
   "type" : 16
}
#$#       ret = 113

Send player1
{
   "money_left" : 80000,
   "money_op" : 10000,
   "player_op" : 11,
   "player_pos" : 4,
   "type" : 16
}
#$#       ret = 113

Send 2
{
   "money_left" : 80000,
   "money_op" : 10000,
   "player_op" : 11,
   "player_pos" : 4,
   "type" : 16
}
#$#       ret = 113

Send 6
{
   "money_left" : 80000,
   "money_op" : 10000,
   "player_op" : 11,
   "player_pos" : 4,
   "type" : 16
}
#$#       ret = 113
name:9
_money: 80000, _presentBet: 10000, _gameResult: 0
_fold : 0,      _allin: 0
Card: C12, D4

done
River
doing lcsPublic...send public license info now

Send 1
{
   "card" : 36,
   "index" : 5,
   "type" : 20
}
#$#       ret = 55

Send player1
{
   "card" : 36,
   "index" : 5,
   "type" : 20
}
#$#       ret = 55

Send 2
{
   "card" : 36,
   "index" : 5,
   "type" : 20
}
#$#       ret = 55

Send 6
{
   "card" : 36,
   "index" : 5,
   "type" : 20
}
#$#       ret = 55

Send 9
{
   "card" : 36,
   "index" : 5,
   "type" : 20
}
#$#       ret = 55
done
doing betTurn.....2
2
2
2
ready for operate...

Now turn to player 6

Send 6
{
   "cur_max_money" : 10000,
   "type" : 15
}
#$#       ret = 51

Recv 6
{
   "type" : 11
}
#$#       ret = 22
get operation done
done
Bet 0!

Send 1
{
   "money_left" : 50000,
   "money_op" : 10000,
   "player_op" : 11,
   "player_pos" : 3,
   "type" : 16
}
#$#       ret = 113

Send player1
{
   "money_left" : 50000,
   "money_op" : 10000,
   "player_op" : 11,
   "player_pos" : 3,
   "type" : 16
}
#$#       ret = 113

Send 2
{
   "money_left" : 50000,
   "money_op" : 10000,
   "player_op" : 11,
   "player_pos" : 3,
   "type" : 16
}
#$#       ret = 113

Send 9
{
   "money_left" : 50000,
   "money_op" : 10000,
   "player_op" : 11,
   "player_pos" : 3,
   "type" : 16
}
#$#       ret = 113
name:6
_money: 50000, _presentBet: 10000, _gameResult: 0
_fold : 0,      _allin: 0
Card: H1, D5

2
ready for operate...

Now turn to player 9

Send 9
{
   "cur_max_money" : 10000,
   "type" : 15
}
#$#       ret = 51

Recv 9
{
   "type" : 11
}
#$#       ret = 22
get operation done
done
Bet 0!

Send 1
{
   "money_left" : 80000,
   "money_op" : 10000,
   "player_op" : 11,
   "player_pos" : 4,
   "type" : 16
}
#$#       ret = 113

Send player1
{
   "money_left" : 80000,
   "money_op" : 10000,
   "player_op" : 11,
   "player_pos" : 4,
   "type" : 16
}
#$#       ret = 113

Send 2
{
   "money_left" : 80000,
   "money_op" : 10000,
   "player_op" : 11,
   "player_pos" : 4,
   "type" : 16
}
#$#       ret = 113

Send 6
{
   "money_left" : 80000,
   "money_op" : 10000,
   "player_op" : 11,
   "player_pos" : 4,
   "type" : 16
}
#$#       ret = 113
name:9
_money: 80000, _presentBet: 10000, _gameResult: 0
_fold : 0,      _allin: 0
Card: C12, D4

done
CalcPattern
calculating pattern...C3
H6
D13
C13
C11
C1
Sorted cards:C1 C13 D13 C11 H6 D6 C3
C3
H6
D13
C13
C11
H1
Sorted cards:H1 C13 D13 C11 H6 D5 C3
C3
H6
D13
C13
C11
C12
Sorted cards:D13 C13 C12 C11 H6 D4 C3
done
CalcResult
flag1
flag2
flag3
allin
name:1
_money: 0, _presentBet: 0, _gameResult: -10000
_fold : 0,      _allin: 1
Card: C1, D6

name:player1
_money: 99700, _presentBet: 0, _gameResult: -300
_fold : 1,      _allin: 0
Card: C8, D2

name:2
_money: 19800, _presentBet: 0, _gameResult: -200
_fold : 1,      _allin: 0
Card: H3, S7

name:6
_money: 50000, _presentBet: 0, _gameResult: -10000
_fold : 0,      _allin: 0
Card: H1, D5

name:9
_money: 80000, _presentBet: 0, _gameResult: -10000
_fold : 0,      _allin: 0
Card: C12, D4

flag4
the biggest pattern is :6 TWO_PAIR C13 D13 H6 D6 C1

allin_calc
name:1
_money: 30500, _presentBet: 0, _gameResult: 20500
_fold : 0,      _allin: 1
Card: C1, D6

allin_calc
name:6
_money: 50000, _presentBet: 0, _gameResult: -10000
_fold : 0,      _allin: 0
Card: H1, D5

allin_calc
name:9
_money: 80000, _presentBet: 0, _gameResult: -10000
_fold : 0,      _allin: 0
Card: C12, D4

flag1
flag2
No allin
name:1
_money: 30500, _presentBet: 0, _gameResult: 20500
_fold : 0,      _allin: 1
Card: C1, D6

name:player1
_money: 99700, _presentBet: 0, _gameResult: -300
_fold : 1,      _allin: 0
Card: C8, D2

name:2
_money: 19800, _presentBet: 0, _gameResult: -200
_fold : 1,      _allin: 0
Card: H3, S7

name:6
_money: 50000, _presentBet: 0, _gameResult: -10000
_fold : 0,      _allin: 0
Card: H1, D5

name:9
_money: 80000, _presentBet: 0, _gameResult: -10000
_fold : 0,      _allin: 0
Card: C12, D4

the biggest pattern is :
E:\program\Project\Poker>g++ -std=c++11   -c -o game/Player.o game/Player.cpp
g++ -std=c++11   -c -o game/Game.o game/Game.cpp
g++ -std=c++11 -c ./game/Player.cpp -o ./game/Player.o
g++ -std=c++11 -c ./game/Game.cpp   -o ./game/Game.o
g++ -std=c++11 -c room.cpp -o room.o
g++ ./lib_json/json_reader.o ./lib_json/json_writer.o ./lib_json/json_value.o ./game/Player.o ./game/Game.o room.o hall.o server.cpp -lws2_32 -o server2

Read players data
Num     id     password     money
  0     test     12345678 1000000
  1     poor        12334   10000
  2        1            1   10000
  3        2            2   20000
  4        3            3   30000
  5        4            4   40000
  6        5            5   50000
  7        6            6   60000
  8        7            7   70000
  9        8            8   80000
 10        9            9   90000
 11       10           10 1000000
 12  player1      1234567  100000
 13  player2      1234567  200000
 14  player3      1234567  300000
 15  player4      1234567  400000
 16  player5      1234567  500000
 17  player6      1234567  600000
Room 0 is created
Room 1 is created
Room 2 is created
Room 3 is created
Room 4 is created
Room 5 is created
Room 6 is created
Room 7 is created
Room 8 is created
Room 9 is created
Room 10 is created
server is running now
hall thread is running

Waiting for connecting...
Connect a client 59.66.131.74:21476
Recv : {
   "password" : "1",
   "type" : 1,
   "username" : "1"
}
#$#
verify user
        username: 1
        password: 1

A new player login now
player id = 1, sock = 292

Send 1
{
   "money" : 10000,
   "result" : 1,
   "type" : 7
}
#$#       ret = 59
insert a new player into the hall
player user id: 1, socket num = 292
now hall has 0 players
Now hall has 1 players

Waiting for connecting...
test connect user id: 1, socket num = 292

Recv 1
{
   "room" : 6,
   "type" : 2
}
#$#       ret = 36
sock user id: 1, socket num = 292 get a packet
Room 6 join a new player

Send 1
{
   "result" : 1,
   "room" : 6,
   "type" : 6
}
#$#       ret = 54

Send 1
{
   "room_id" : 6,
   "seat" : [
      {
         "id" : "1",
         "is_in" : true,
         "money" : 10000
      }
   ],
   "type" : 18
}
#$#       ret = 148
erase user id: 1, socket num = 292
Now hall has 0 member
Connect a client 59.66.131.74:21732
Recv : {
   "password" : "1234567",
   "type" : 1,
   "username" : "player1"
}
#$#
verify user
        username: player1
        password: 1234567

A new player login now
player id = player1, sock = 312

Send player1
{
   "money" : 100000,
   "result" : 1,
   "type" : 7
}
#$#       ret = 60
insert a new player into the hall
player user id: player1, socket num = 312
now hall has 0 players
Now hall has 1 players

Waiting for connecting...

Recv player1
{
   "room" : 6,
   "type" : 2
}
#$#       ret = 36
sock user id: player1, socket num = 312 get a packet
Room 6 join a new player

Send 1
{
   "result" : 1,
   "room" : 6,
   "type" : 6
}
#$#       ret = 54

Send 1
{
   "room_id" : 6,
   "seat" : [
      {
         "id" : "1",
         "is_in" : true,
         "money" : 10000
      },
      {
         "id" : "player1",
         "is_in" : false,
         "money" : 100000
      }
   ],
   "type" : 18
}
#$#       ret = 244

Send player1
{
   "result" : 1,
   "room" : 6,
   "type" : 6
}
#$#       ret = 54

Send player1
{
   "room_id" : 6,
   "seat" : [
      {
         "id" : "1",
         "is_in" : false,
         "money" : 10000
      },
      {
         "id" : "player1",
         "is_in" : true,
         "money" : 100000
      }
   ],
   "type" : 18
}
#$#       ret = 244
erase user id: player1, socket num = 312
Now hall has 0 member
Connect a client 59.66.131.74:21988
Recv : {
   "password" : "2",
   "type" : 1,
   "username" : "2"
}
#$#
verify user
        username: 2
        password: 2

A new player login now
player id = 2, sock = 316

Send 2
{
   "money" : 20000,
   "result" : 1,
   "type" : 7
}
#$#       ret = 59
insert a new player into the hall
player user id: 2, socket num = 316
now hall has 0 players
Now hall has 1 players

Waiting for connecting...

Recv 2
{
   "room" : 6,
   "type" : 2
}
#$#       ret = 36
sock user id: 2, socket num = 316 get a packet
Room 6 join a new player

Send 1
{
   "result" : 1,
   "room" : 6,
   "type" : 6
}
#$#       ret = 54

Send 1
{
   "room_id" : 6,
   "seat" : [
      {
         "id" : "1",
         "is_in" : true,
         "money" : 10000
      },
      {
         "id" : "player1",
         "is_in" : false,
         "money" : 100000
      },
      {
         "id" : "2",
         "is_in" : false,
         "money" : 20000
      }
   ],
   "type" : 18
}
#$#       ret = 333

Send player1
{
   "result" : 1,
   "room" : 6,
   "type" : 6
}
#$#       ret = 54

Send player1
{
   "room_id" : 6,
   "seat" : [
      {
         "id" : "1",
         "is_in" : false,
         "money" : 10000
      },
      {
         "id" : "player1",
         "is_in" : true,
         "money" : 100000
      },
      {
         "id" : "2",
         "is_in" : false,
         "money" : 20000
      }
   ],
   "type" : 18
}
#$#       ret = 333

Send 2
{
   "result" : 1,
   "room" : 6,
   "type" : 6
}
#$#       ret = 54

Send 2
{
   "room_id" : 6,
   "seat" : [
      {
         "id" : "1",
         "is_in" : false,
         "money" : 10000
      },
      {
         "id" : "player1",
         "is_in" : false,
         "money" : 100000
      },
      {
         "id" : "2",
         "is_in" : true,
         "money" : 20000
      }
   ],
   "type" : 18
}
#$#       ret = 333
erase user id: 2, socket num = 316
Now hall has 0 member
Connect a client 59.66.131.74:22244
Recv : {
   "password" : "6",
   "type" : 1,
   "username" : "6"
}
#$#
verify user
        username: 6
        password: 6

A new player login now
player id = 6, sock = 320

Send 6
{
   "money" : 60000,
   "result" : 1,
   "type" : 7
}
#$#       ret = 59
insert a new player into the hall
player user id: 6, socket num = 320
now hall has 0 players
Now hall has 1 players

Waiting for connecting...

Recv 6
{
   "room" : 6,
   "type" : 2
}
#$#       ret = 36
sock user id: 6, socket num = 320 get a packet
Room 6 join a new player

Send 1
{
   "result" : 1,
   "room" : 6,
   "type" : 6
}
#$#       ret = 54

Send 1
{
   "room_id" : 6,
   "seat" : [
      {
         "id" : "1",
         "is_in" : true,
         "money" : 10000
      },
      {
         "id" : "player1",
         "is_in" : false,
         "money" : 100000
      },
      {
         "id" : "2",
         "is_in" : false,
         "money" : 20000
      },
      {
         "id" : "6",
         "is_in" : false,
         "money" : 60000
      }
   ],
   "type" : 18
}
#$#       ret = 422

Send player1
{
   "result" : 1,
   "room" : 6,
   "type" : 6
}
#$#       ret = 54

Send player1
{
   "room_id" : 6,
   "seat" : [
      {
         "id" : "1",
         "is_in" : false,
         "money" : 10000
      },
      {
         "id" : "player1",
         "is_in" : true,
         "money" : 100000
      },
      {
         "id" : "2",
         "is_in" : false,
         "money" : 20000
      },
      {
         "id" : "6",
         "is_in" : false,
         "money" : 60000
      }
   ],
   "type" : 18
}
#$#       ret = 422

Send 2
{
   "result" : 1,
   "room" : 6,
   "type" : 6
}
#$#       ret = 54

Send 2
{
   "room_id" : 6,
   "seat" : [
      {
         "id" : "1",
         "is_in" : false,
         "money" : 10000
      },
      {
         "id" : "player1",
         "is_in" : false,
         "money" : 100000
      },
      {
         "id" : "2",
         "is_in" : true,
         "money" : 20000
      },
      {
         "id" : "6",
         "is_in" : false,
         "money" : 60000
      }
   ],
   "type" : 18
}
#$#       ret = 422

Send 6
{
   "result" : 1,
   "room" : 6,
   "type" : 6
}
#$#       ret = 54

Send 6
{
   "room_id" : 6,
   "seat" : [
      {
         "id" : "1",
         "is_in" : false,
         "money" : 10000
      },
      {
         "id" : "player1",
         "is_in" : false,
         "money" : 100000
      },
      {
         "id" : "2",
         "is_in" : false,
         "money" : 20000
      },
      {
         "id" : "6",
         "is_in" : true,
         "money" : 60000
      }
   ],
   "type" : 18
}
#$#       ret = 422
erase user id: 6, socket num = 320
Now hall has 0 member
Connect a client 59.66.131.74:22500
Recv : {
   "password" : "9",
   "type" : 1,
   "username" : "9"
}
#$#
verify user
        username: 9
        password: 9

A new player login now
player id = 9, sock = 324

Send 9
{
   "money" : 90000,
   "result" : 1,
   "type" : 7
}
#$#       ret = 59
insert a new player into the hall
player user id: 9, socket num = 324
now hall has 0 players
Now hall has 1 players

Waiting for connecting...

Recv 9
{
   "room" : 6,
   "type" : 2
}
#$#       ret = 36
sock user id: 9, socket num = 324 get a packet
Room 6 join a new player

Send 1
{
   "result" : 1,
   "room" : 6,
   "type" : 6
}
#$#       ret = 54

Send 1
{
   "room_id" : 6,
   "seat" : [
      {
         "id" : "1",
         "is_in" : true,
         "money" : 10000
      },
      {
         "id" : "player1",
         "is_in" : false,
         "money" : 100000
      },
      {
         "id" : "2",
         "is_in" : false,
         "money" : 20000
      },
      {
         "id" : "6",
         "is_in" : false,
         "money" : 60000
      },
      {
         "id" : "9",
         "is_in" : false,
         "money" : 90000
      }
   ],
   "type" : 18
}
#$#       ret = 511

Send player1
{
   "result" : 1,
   "room" : 6,
   "type" : 6
}
#$#       ret = 54

Send player1
{
   "room_id" : 6,
   "seat" : [
      {
         "id" : "1",
         "is_in" : false,
         "money" : 10000
      },
      {
         "id" : "player1",
         "is_in" : true,
         "money" : 100000
      },
      {
         "id" : "2",
         "is_in" : false,
         "money" : 20000
      },
      {
         "id" : "6",
         "is_in" : false,
         "money" : 60000
      },
      {
         "id" : "9",
         "is_in" : false,
         "money" : 90000
      }
   ],
   "type" : 18
}
#$#       ret = 511

Send 2
{
   "result" : 1,
   "room" : 6,
   "type" : 6
}
#$#       ret = 54

Send 2
{
   "room_id" : 6,
   "seat" : [
      {
         "id" : "1",
         "is_in" : false,
         "money" : 10000
      },
      {
         "id" : "player1",
         "is_in" : false,
         "money" : 100000
      },
      {
         "id" : "2",
         "is_in" : true,
         "money" : 20000
      },
      {
         "id" : "6",
         "is_in" : false,
         "money" : 60000
      },
      {
         "id" : "9",
         "is_in" : false,
         "money" : 90000
      }
   ],
   "type" : 18
}
#$#       ret = 511

Send 6
{
   "result" : 1,
   "room" : 6,
   "type" : 6
}
#$#       ret = 54

Send 6
{
   "room_id" : 6,
   "seat" : [
      {
         "id" : "1",
         "is_in" : false,
         "money" : 10000
      },
      {
         "id" : "player1",
         "is_in" : false,
         "money" : 100000
      },
      {
         "id" : "2",
         "is_in" : false,
         "money" : 20000
      },
      {
         "id" : "6",
         "is_in" : true,
         "money" : 60000
      },
      {
         "id" : "9",
         "is_in" : false,
         "money" : 90000
      }
   ],
   "type" : 18
}
#$#       ret = 511

Send 9
{
   "result" : 1,
   "room" : 6,
   "type" : 6
}
#$#       ret = 54

Send 9
{
   "room_id" : 6,
   "seat" : [
      {
         "id" : "1",
         "is_in" : false,
         "money" : 10000
      },
      {
         "id" : "player1",
         "is_in" : false,
         "money" : 100000
      },
      {
         "id" : "2",
         "is_in" : false,
         "money" : 20000
      },
      {
         "id" : "6",
         "is_in" : false,
         "money" : 60000
      },
      {
         "id" : "9",
         "is_in" : true,
         "money" : 90000
      }
   ],
   "type" : 18
}
#$#       ret = 511
erase user id: 9, socket num = 324
Now hall has 0 member
Room 6 has 5 players
Now begin a new game
init end
player1
9
10000
2
1
100000
6
player1
20000
9
2
60000
1
6
90000
room id is 6
money = 10000
money = 100000
money = 20000
money = 60000
money = 90000
doing blindBet.....
Send 1
{
   "money_left" : 9900,
   "money_op" : 100,
   "player_op" : 10,
   "player_pos" : 0,
   "type" : 16
}
#$#       ret = 110

Send player1
{
   "money_left" : 9900,
   "money_op" : 100,
   "player_op" : 10,
   "player_pos" : 0,
   "type" : 16
}
#$#       ret = 110

Send 2
{
   "money_left" : 9900,
   "money_op" : 100,
   "player_op" : 10,
   "player_pos" : 0,
   "type" : 16
}
#$#       ret = 110

Send 6
{
   "money_left" : 9900,
   "money_op" : 100,
   "player_op" : 10,
   "player_pos" : 0,
   "type" : 16
}
#$#       ret = 110

Send 9
{
   "money_left" : 9900,
   "money_op" : 100,
   "player_op" : 10,
   "player_pos" : 0,
   "type" : 16
}
#$#       ret = 110

Send 1
{
   "money_left" : 99800,
   "money_op" : 200,
   "player_op" : 10,
   "player_pos" : 1,
   "type" : 16
}
#$#       ret = 111

Send player1
{
   "money_left" : 99800,
   "money_op" : 200,
   "player_op" : 10,
   "player_pos" : 1,
   "type" : 16
}
#$#       ret = 111

Send 2
{
   "money_left" : 99800,
   "money_op" : 200,
   "player_op" : 10,
   "player_pos" : 1,
   "type" : 16
}
#$#       ret = 111

Send 6
{
   "money_left" : 99800,
   "money_op" : 200,
   "player_op" : 10,
   "player_pos" : 1,
   "type" : 16
}
#$#       ret = 111

Send 9
{
   "money_left" : 99800,
   "money_op" : 200,
   "player_op" : 10,
   "player_pos" : 1,
   "type" : 16
}
#$#       ret = 111
done
doing lcsPlayer...send license info now
now send message 2

Send 2
{
   "card" : 2,
   "type" : 19
}
#$#       ret = 38
send license info now
now send message 2

Send 2
{
   "card" : 45,
   "type" : 19
}
#$#       ret = 39
send license info now
now send message 6

Send 6
{
   "card" : 0,
   "type" : 19
}
#$#       ret = 38
send license info now
now send message 6

Send 6
{
   "card" : 17,
   "type" : 19
}
#$#       ret = 39
send license info now
now send message 9

Send 9
{
   "card" : 37,
   "type" : 19
}
#$#       ret = 39
send license info now
now send message 9

Send 9
{
   "card" : 16,
   "type" : 19
}
#$#       ret = 39
send license info now
now send message 1

Send 1
{
   "card" : 26,
   "type" : 19
}
#$#       ret = 39
send license info now
now send message 1

Send 1
{
   "card" : 18,
   "type" : 19
}
#$#       ret = 39
send license info now
now send message player1

Send player1
{
   "card" : 33,
   "type" : 19
}
#$#       ret = 39
send license info now
now send message player1

Send player1
{
   "card" : 14,
   "type" : 19
}
#$#       ret = 39
done
doing betTurn.....5
ready for operate...

Now turn to player 2

Send 2
{
   "cur_max_money" : 200,
   "type" : 15
}
#$#       ret = 49

Recv 2
{
   "type" : 11
}
#$#       ret = 22
get operation done
done
Bet 200!

Send 1
{
   "money_left" : 19800,
   "money_op" : 200,
   "player_op" : 11,
   "player_pos" : 2,
   "type" : 16
}
#$#       ret = 111

Send player1
{
   "money_left" : 19800,
   "money_op" : 200,
   "player_op" : 11,
   "player_pos" : 2,
   "type" : 16
}
#$#       ret = 111

Send 6
{
   "money_left" : 19800,
   "money_op" : 200,
   "player_op" : 11,
   "player_pos" : 2,
   "type" : 16
}
#$#       ret = 111

Send 9
{
   "money_left" : 19800,
   "money_op" : 200,
   "player_op" : 11,
   "player_pos" : 2,
   "type" : 16
}
#$#       ret = 111
name:2
_money: 19800, _presentBet: 200, _gameResult: 0
_fold : 0,      _allin: 0
Card: H3, S7

5
ready for operate...

Now turn to player 6

Send 6
{
   "cur_max_money" : 200,
   "type" : 15
}
#$#       ret = 49

Recv 6
{
   "money" : 300,
   "type" : 10
}
#$#       ret = 40
get operation done
done
Bet 300!

Send 1
{
   "money_left" : 59700,
   "money_op" : 300,
   "player_op" : 10,
   "player_pos" : 3,
   "type" : 16
}
#$#       ret = 111

Send player1
{
   "money_left" : 59700,
   "money_op" : 300,
   "player_op" : 10,
   "player_pos" : 3,
   "type" : 16
}
#$#       ret = 111

Send 2
{
   "money_left" : 59700,
   "money_op" : 300,
   "player_op" : 10,
   "player_pos" : 3,
   "type" : 16
}
#$#       ret = 111

Send 9
{
   "money_left" : 59700,
   "money_op" : 300,
   "player_op" : 10,
   "player_pos" : 3,
   "type" : 16
}
#$#       ret = 111
name:6
_money: 59700, _presentBet: 300, _gameResult: 0
_fold : 0,      _allin: 0
Card: H1, D5

5
ready for operate...

Now turn to player 9

Send 9
{
   "cur_max_money" : 300,
   "type" : 15
}
#$#       ret = 49

Recv 9
{
   "type" : 11
}
#$#       ret = 22
get operation done
done
Bet 300!

Send 1
{
   "money_left" : 89700,
   "money_op" : 300,
   "player_op" : 11,
   "player_pos" : 4,
   "type" : 16
}
#$#       ret = 111

Send player1
{
   "money_left" : 89700,
   "money_op" : 300,
   "player_op" : 11,
   "player_pos" : 4,
   "type" : 16
}
#$#       ret = 111

Send 2
{
   "money_left" : 89700,
   "money_op" : 300,
   "player_op" : 11,
   "player_pos" : 4,
   "type" : 16
}
#$#       ret = 111

Send 6
{
   "money_left" : 89700,
   "money_op" : 300,
   "player_op" : 11,
   "player_pos" : 4,
   "type" : 16
}
#$#       ret = 111
name:9
_money: 89700, _presentBet: 300, _gameResult: 0
_fold : 0,      _allin: 0
Card: C12, D4

5
ready for operate...

Now turn to player 1

Send 1
{
   "cur_max_money" : 300,
   "type" : 15
}
#$#       ret = 49

Recv 1
{
   "type" : 11
}
#$#       ret = 22
get operation done
done
Bet 200!

Send player1
{
   "money_left" : 9700,
   "money_op" : 300,
   "player_op" : 11,
   "player_pos" : 0,
   "type" : 16
}
#$#       ret = 110

Send 2
{
   "money_left" : 9700,
   "money_op" : 300,
   "player_op" : 11,
   "player_pos" : 0,
   "type" : 16
}
#$#       ret = 110

Send 6
{
   "money_left" : 9700,
   "money_op" : 300,
   "player_op" : 11,
   "player_pos" : 0,
   "type" : 16
}
#$#       ret = 110

Send 9
{
   "money_left" : 9700,
   "money_op" : 300,
   "player_op" : 11,
   "player_pos" : 0,
   "type" : 16
}
#$#       ret = 110
name:1
_money: 9700, _presentBet: 300, _gameResult: 0
_fold : 0,      _allin: 0
Card: C1, D6

5
ready for operate...

Now turn to player player1

Send player1
{
   "cur_max_money" : 300,
   "type" : 15
}
#$#       ret = 49

Recv player1
{
   "type" : 11
}
#$#       ret = 22
get operation done
done
Bet 100!

Send 1
{
   "money_left" : 99700,
   "money_op" : 300,
   "player_op" : 11,
   "player_pos" : 1,
   "type" : 16
}
#$#       ret = 111

Send 2
{
   "money_left" : 99700,
   "money_op" : 300,
   "player_op" : 11,
   "player_pos" : 1,
   "type" : 16
}
#$#       ret = 111

Send 6
{
   "money_left" : 99700,
   "money_op" : 300,
   "player_op" : 11,
   "player_pos" : 1,
   "type" : 16
}
#$#       ret = 111

Send 9
{
   "money_left" : 99700,
   "money_op" : 300,
   "player_op" : 11,
   "player_pos" : 1,
   "type" : 16
}
#$#       ret = 111
name:player1
_money: 99700, _presentBet: 300, _gameResult: 0
_fold : 0,      _allin: 0
Card: C8, D2

5
ready for operate...

Now turn to player 2

Send 2
{
   "cur_max_money" : 300,
   "type" : 15
}
#$#       ret = 49

Recv 2
{
   "type" : 12
}
#$#       ret = 22
get operation done
done
FOLD

Send 1
{
   "money_left" : 19800,
   "money_op" : 200,
   "player_op" : 12,
   "player_pos" : 2,
   "type" : 16
}
#$#       ret = 111

Send player1
{
   "money_left" : 19800,
   "money_op" : 200,
   "player_op" : 12,
   "player_pos" : 2,
   "type" : 16
}
#$#       ret = 111

Send 6
{
   "money_left" : 19800,
   "money_op" : 200,
   "player_op" : 12,
   "player_pos" : 2,
   "type" : 16
}
#$#       ret = 111

Send 9
{
   "money_left" : 19800,
   "money_op" : 200,
   "player_op" : 12,
   "player_pos" : 2,
   "type" : 16
}
#$#       ret = 111
name:2
_money: 19800, _presentBet: 200, _gameResult: 0
_fold : 1,      _allin: 0
Card: H3, S7

done
Flop
doing lcsPublic...send public license info now

Send 1
{
   "card" : 28,
   "index" : 1,
   "type" : 20
}
#$#       ret = 55

Send player1
{
   "card" : 28,
   "index" : 1,
   "type" : 20
}
#$#       ret = 55

Send 2
{
   "card" : 28,
   "index" : 1,
   "type" : 20
}
#$#       ret = 55

Send 6
{
   "card" : 28,
   "index" : 1,
   "type" : 20
}
#$#       ret = 55

Send 9
{
   "card" : 28,
   "index" : 1,
   "type" : 20
}
#$#       ret = 55
done
doing lcsPublic...send public license info now

Send 1
{
   "card" : 5,
   "index" : 2,
   "type" : 20
}
#$#       ret = 54

Send player1
{
   "card" : 5,
   "index" : 2,
   "type" : 20
}
#$#       ret = 54

Send 2
{
   "card" : 5,
   "index" : 2,
   "type" : 20
}
#$#       ret = 54

Send 6
{
   "card" : 5,
   "index" : 2,
   "type" : 20
}
#$#       ret = 54

Send 9
{
   "card" : 5,
   "index" : 2,
   "type" : 20
}
#$#       ret = 54
done
doing lcsPublic...send public license info now

Send 1
{
   "card" : 25,
   "index" : 3,
   "type" : 20
}
#$#       ret = 55

Send player1
{
   "card" : 25,
   "index" : 3,
   "type" : 20
}
#$#       ret = 55

Send 2
{
   "card" : 25,
   "index" : 3,
   "type" : 20
}
#$#       ret = 55

Send 6
{
   "card" : 25,
   "index" : 3,
   "type" : 20
}
#$#       ret = 55

Send 9
{
   "card" : 25,
   "index" : 3,
   "type" : 20
}
#$#       ret = 55
done
doing betTurn.....4
ready for operate...

Now turn to player 6

Send 6
{
   "cur_max_money" : 300,
   "type" : 15
}
#$#       ret = 49

Recv 6
{
   "money" : 400,
   "type" : 10
}
#$#       ret = 40
get operation done
done
Bet 400!

Send 1
{
   "money_left" : 59300,
   "money_op" : 700,
   "player_op" : 10,
   "player_pos" : 3,
   "type" : 16
}
#$#       ret = 111

Send player1
{
   "money_left" : 59300,
   "money_op" : 700,
   "player_op" : 10,
   "player_pos" : 3,
   "type" : 16
}
#$#       ret = 111

Send 2
{
   "money_left" : 59300,
   "money_op" : 700,
   "player_op" : 10,
   "player_pos" : 3,
   "type" : 16
}
#$#       ret = 111

Send 9
{
   "money_left" : 59300,
   "money_op" : 700,
   "player_op" : 10,
   "player_pos" : 3,
   "type" : 16
}
#$#       ret = 111
name:6
_money: 59300, _presentBet: 700, _gameResult: 0
_fold : 0,      _allin: 0
Card: H1, D5

4
ready for operate...

Now turn to player 9

Send 9
{
   "cur_max_money" : 700,
   "type" : 15
}
#$#       ret = 49

Recv 9
{
   "type" : 11
}
#$#       ret = 22
get operation done
done
Bet 400!

Send 1
{
   "money_left" : 89300,
   "money_op" : 700,
   "player_op" : 11,
   "player_pos" : 4,
   "type" : 16
}
#$#       ret = 111

Send player1
{
   "money_left" : 89300,
   "money_op" : 700,
   "player_op" : 11,
   "player_pos" : 4,
   "type" : 16
}
#$#       ret = 111

Send 2
{
   "money_left" : 89300,
   "money_op" : 700,
   "player_op" : 11,
   "player_pos" : 4,
   "type" : 16
}
#$#       ret = 111

Send 6
{
   "money_left" : 89300,
   "money_op" : 700,
   "player_op" : 11,
   "player_pos" : 4,
   "type" : 16
}
#$#       ret = 111
name:9
_money: 89300, _presentBet: 700, _gameResult: 0
_fold : 0,      _allin: 0
Card: C12, D4

4
ready for operate...

Now turn to player 1

Send 1
{
   "cur_max_money" : 700,
   "type" : 15
}
#$#       ret = 49

Recv 1
{
   "type" : 13
}
#$#       ret = 22
get operation done
done
ALLIN!

Send player1
{
   "money_left" : 0,
   "money_op" : 10000,
   "player_op" : 13,
   "player_pos" : 0,
   "type" : 16
}
#$#       ret = 109

Send 2
{
   "money_left" : 0,
   "money_op" : 10000,
   "player_op" : 13,
   "player_pos" : 0,
   "type" : 16
}
#$#       ret = 109

Send 6
{
   "money_left" : 0,
   "money_op" : 10000,
   "player_op" : 13,
   "player_pos" : 0,
   "type" : 16
}
#$#       ret = 109

Send 9
{
   "money_left" : 0,
   "money_op" : 10000,
   "player_op" : 13,
   "player_pos" : 0,
   "type" : 16
}
#$#       ret = 109
name:1
_money: 0, _presentBet: 10000, _gameResult: 0
_fold : 0,      _allin: 1
Card: C1, D6

3
ready for operate...

Now turn to player player1

Send player1
{
   "cur_max_money" : 10000,
   "type" : 15
}
#$#       ret = 51

Recv player1
{
   "type" : 12
}
#$#       ret = 22
get operation done
done
FOLD

Send 1
{
   "money_left" : 99700,
   "money_op" : 300,
   "player_op" : 12,
   "player_pos" : 1,
   "type" : 16
}
#$#       ret = 111

Send 2
{
   "money_left" : 99700,
   "money_op" : 300,
   "player_op" : 12,
   "player_pos" : 1,
   "type" : 16
}
#$#       ret = 111

Send 6
{
   "money_left" : 99700,
   "money_op" : 300,
   "player_op" : 12,
   "player_pos" : 1,
   "type" : 16
}
#$#       ret = 111

Send 9
{
   "money_left" : 99700,
   "money_op" : 300,
   "player_op" : 12,
   "player_pos" : 1,
   "type" : 16
}
#$#       ret = 111
name:player1
_money: 99700, _presentBet: 300, _gameResult: 0
_fold : 1,      _allin: 0
Card: C8, D2

2
2
ready for operate...

Now turn to player 6

Send 6
{
   "cur_max_money" : 10000,
   "type" : 15
}
#$#       ret = 51

Recv 6
{
   "type" : 11
}
#$#       ret = 22
get operation done
done
Bet 9300!

Send 1
{
   "money_left" : 50000,
   "money_op" : 10000,
   "player_op" : 11,
   "player_pos" : 3,
   "type" : 16
}
#$#       ret = 113

Send player1
{
   "money_left" : 50000,
   "money_op" : 10000,
   "player_op" : 11,
   "player_pos" : 3,
   "type" : 16
}
#$#       ret = 113

Send 2
{
   "money_left" : 50000,
   "money_op" : 10000,
   "player_op" : 11,
   "player_pos" : 3,
   "type" : 16
}
#$#       ret = 113

Send 9
{
   "money_left" : 50000,
   "money_op" : 10000,
   "player_op" : 11,
   "player_pos" : 3,
   "type" : 16
}
#$#       ret = 113
name:6
_money: 50000, _presentBet: 10000, _gameResult: 0
_fold : 0,      _allin: 0
Card: H1, D5

2
ready for operate...

Now turn to player 9

Send 9
{
   "cur_max_money" : 10000,
   "type" : 15
}
#$#       ret = 51

Recv 9
{
   "type" : 11
}
#$#       ret = 22
get operation done
done
Bet 9300!

Send 1
{
   "money_left" : 80000,
   "money_op" : 10000,
   "player_op" : 11,
   "player_pos" : 4,
   "type" : 16
}
#$#       ret = 113

Send player1
{
   "money_left" : 80000,
   "money_op" : 10000,
   "player_op" : 11,
   "player_pos" : 4,
   "type" : 16
}
#$#       ret = 113

Send 2
{
   "money_left" : 80000,
   "money_op" : 10000,
   "player_op" : 11,
   "player_pos" : 4,
   "type" : 16
}
#$#       ret = 113

Send 6
{
   "money_left" : 80000,
   "money_op" : 10000,
   "player_op" : 11,
   "player_pos" : 4,
   "type" : 16
}
#$#       ret = 113
name:9
_money: 80000, _presentBet: 10000, _gameResult: 0
_fold : 0,      _allin: 0
Card: C12, D4

done
Turn
doing lcsPublic...send public license info now

Send 1
{
   "card" : 38,
   "index" : 4,
   "type" : 20
}
#$#       ret = 55

Send player1
{
   "card" : 38,
   "index" : 4,
   "type" : 20
}
#$#       ret = 55

Send 2
{
   "card" : 38,
   "index" : 4,
   "type" : 20
}
#$#       ret = 55

Send 6
{
   "card" : 38,
   "index" : 4,
   "type" : 20
}
#$#       ret = 55

Send 9
{
   "card" : 38,
   "index" : 4,
   "type" : 20
}
#$#       ret = 55
done
doing betTurn.....2
2
2
2
ready for operate...

Now turn to player 6

Send 6
{
   "cur_max_money" : 10000,
   "type" : 15
}
#$#       ret = 51

Recv 6
{
   "type" : 11
}
#$#       ret = 22
get operation done
done
Bet 0!

Send 1
{
   "money_left" : 50000,
   "money_op" : 10000,
   "player_op" : 11,
   "player_pos" : 3,
   "type" : 16
}
#$#       ret = 113

Send player1
{
   "money_left" : 50000,
   "money_op" : 10000,
   "player_op" : 11,
   "player_pos" : 3,
   "type" : 16
}
#$#       ret = 113

Send 2
{
   "money_left" : 50000,
   "money_op" : 10000,
   "player_op" : 11,
   "player_pos" : 3,
   "type" : 16
}
#$#       ret = 113

Send 9
{
   "money_left" : 50000,
   "money_op" : 10000,
   "player_op" : 11,
   "player_pos" : 3,
   "type" : 16
}
#$#       ret = 113
name:6
_money: 50000, _presentBet: 10000, _gameResult: 0
_fold : 0,      _allin: 0
Card: H1, D5

2
ready for operate...

Now turn to player 9

Send 9
{
   "cur_max_money" : 10000,
   "type" : 15
}
#$#       ret = 51

Recv 9
{
   "type" : 11
}
#$#       ret = 22
get operation done
done
Bet 0!

Send 1
{
   "money_left" : 80000,
   "money_op" : 10000,
   "player_op" : 11,
   "player_pos" : 4,
   "type" : 16
}
#$#       ret = 113

Send player1
{
   "money_left" : 80000,
   "money_op" : 10000,
   "player_op" : 11,
   "player_pos" : 4,
   "type" : 16
}
#$#       ret = 113

Send 2
{
   "money_left" : 80000,
   "money_op" : 10000,
   "player_op" : 11,
   "player_pos" : 4,
   "type" : 16
}
#$#       ret = 113

Send 6
{
   "money_left" : 80000,
   "money_op" : 10000,
   "player_op" : 11,
   "player_pos" : 4,
   "type" : 16
}
#$#       ret = 113
name:9
_money: 80000, _presentBet: 10000, _gameResult: 0
_fold : 0,      _allin: 0
Card: C12, D4

done
River
doing lcsPublic...send public license info now

Send 1
{
   "card" : 36,
   "index" : 5,
   "type" : 20
}
#$#       ret = 55

Send player1
{
   "card" : 36,
   "index" : 5,
   "type" : 20
}
#$#       ret = 55

Send 2
{
   "card" : 36,
   "index" : 5,
   "type" : 20
}
#$#       ret = 55

Send 6
{
   "card" : 36,
   "index" : 5,
   "type" : 20
}
#$#       ret = 55

Send 9
{
   "card" : 36,
   "index" : 5,
   "type" : 20
}
#$#       ret = 55
done
doing betTurn.....2
2
2
2
ready for operate...

Now turn to player 6

Send 6
{
   "cur_max_money" : 10000,
   "type" : 15
}
#$#       ret = 51

Recv 6
{
   "type" : 11
}
#$#       ret = 22
get operation done
done
Bet 0!

Send 1
{
   "money_left" : 50000,
   "money_op" : 10000,
   "player_op" : 11,
   "player_pos" : 3,
   "type" : 16
}
#$#       ret = 113

Send player1
{
   "money_left" : 50000,
   "money_op" : 10000,
   "player_op" : 11,
   "player_pos" : 3,
   "type" : 16
}
#$#       ret = 113

Send 2
{
   "money_left" : 50000,
   "money_op" : 10000,
   "player_op" : 11,
   "player_pos" : 3,
   "type" : 16
}
#$#       ret = 113

Send 9
{
   "money_left" : 50000,
   "money_op" : 10000,
   "player_op" : 11,
   "player_pos" : 3,
   "type" : 16
}
#$#       ret = 113
name:6
_money: 50000, _presentBet: 10000, _gameResult: 0
_fold : 0,      _allin: 0
Card: H1, D5

2
ready for operate...

Now turn to player 9

Send 9
{
   "cur_max_money" : 10000,
   "type" : 15
}
#$#       ret = 51

Recv 9
{
   "type" : 11
}
#$#       ret = 22
get operation done
done
Bet 0!

Send 1
{
   "money_left" : 80000,
   "money_op" : 10000,
   "player_op" : 11,
   "player_pos" : 4,
   "type" : 16
}
#$#       ret = 113

Send player1
{
   "money_left" : 80000,
   "money_op" : 10000,
   "player_op" : 11,
   "player_pos" : 4,
   "type" : 16
}
#$#       ret = 113

Send 2
{
   "money_left" : 80000,
   "money_op" : 10000,
   "player_op" : 11,
   "player_pos" : 4,
   "type" : 16
}
#$#       ret = 113

Send 6
{
   "money_left" : 80000,
   "money_op" : 10000,
   "player_op" : 11,
   "player_pos" : 4,
   "type" : 16
}
#$#       ret = 113
name:9
_money: 80000, _presentBet: 10000, _gameResult: 0
_fold : 0,      _allin: 0
Card: C12, D4

done
CalcPattern
calculating pattern...C3
H6
D13
C13
C11
C1
Sorted cards:C1 C13 D13 C11 H6 D6 C3
C3
H6
D13
C13
C11
H1
Sorted cards:H1 C13 D13 C11 H6 D5 C3
C3
H6
D13
C13
C11
C12
Sorted cards:D13 C13 C12 C11 H6 D4 C3
done
CalcResult
flag1
flag2
flag3
allin
name:1
_money: 0, _presentBet: 0, _gameResult: -10000
_fold : 0,      _allin: 1
Card: C1, D6

name:player1
_money: 99700, _presentBet: 0, _gameResult: -300
_fold : 1,      _allin: 0
Card: C8, D2

name:2
_money: 19800, _presentBet: 0, _gameResult: -200
_fold : 1,      _allin: 0
Card: H3, S7

name:6
_money: 50000, _presentBet: 0, _gameResult: -10000
_fold : 0,      _allin: 0
Card: H1, D5

name:9
_money: 80000, _presentBet: 0, _gameResult: -10000
_fold : 0,      _allin: 0
Card: C12, D4

flag4
the biggest pattern is :6 TWO_PAIR C13 D13 H6 D6 C1

allin_calc
name:1
_money: 30500, _presentBet: 0, _gameResult: 20500
_fold : 0,      _allin: 1
Card: C1, D6

allin_calc
name:6
_money: 50000, _presentBet: 0, _gameResult: -10000
_fold : 0,      _allin: 0
Card: H1, D5

allin_calc
name:9
_money: 80000, _presentBet: 0, _gameResult: -10000
_fold : 0,      _allin: 0
Card: C12, D4

flag1
flag2
No allin
name:1
_money: 30500, _presentBet: 0, _gameResult: 20500
_fold : 0,      _allin: 1
Card: C1, D6

name:player1
_money: 99700, _presentBet: 0, _gameResult: -300
_fold : 1,      _allin: 0
Card: C8, D2

name:2
_money: 19800, _presentBet: 0, _gameResult: -200
_fold : 1,      _allin: 0
Card: H3, S7

name:6
_money: 50000, _presentBet: 0, _gameResult: -10000
_fold : 0,      _allin: 0
Card: H1, D5

name:9
_money: 80000, _presentBet: 0, _gameResult: -10000
_fold : 0,      _allin: 0
Card: C12, D4

the biggest pattern is :
E:\program\Project\Poker>